[0m[1mdata.ibm_compute_ssh_key.public_key: Refreshing state...[0m

An execution plan has been generated and is shown below.
Resource actions are indicated with the following symbols:
  [32m+[0m create
[0m
Terraform will perform the following actions:

[32m  [32m+[0m [32mibm_compute_vm_instance.icp-boot
[0m      id:                           <computed>
      block_storage_ids.#:          <computed>
      cores:                        "2"
      datacenter:                   "wdc01"
      disks.#:                      <computed>
      domain:                       "pvs01.local"
      file_storage_ids.#:           <computed>
      hostname:                     "pvs01-boot"
      hourly_billing:               "true"
      ip_address_id:                <computed>
      ip_address_id_private:        <computed>
      ipv4_address:                 <computed>
      ipv4_address_private:         <computed>
      ipv6_address:                 <computed>
      ipv6_address_id:              <computed>
      ipv6_enabled:                 "true"
      ipv6_static_enabled:          "false"
      local_disk:                   "false"
      memory:                       "8192"
      network_speed:                "1000"
      notes:                        "Boot machine for ICP deployment"
      os_reference_code:            "CENTOS_7_64"
      private_interface_id:         <computed>
      private_network_only:         "false"
      private_security_group_ids.#: <computed>
      private_subnet:               <computed>
      private_subnet_id:            <computed>
      private_vlan_id:              <computed>
      public_bandwidth_limited:     <computed>
      public_bandwidth_unlimited:   "false"
      public_interface_id:          <computed>
      public_ipv6_subnet:           <computed>
      public_ipv6_subnet_id:        <computed>
      public_security_group_ids.#:  <computed>
      public_subnet:                <computed>
      public_subnet_id:             <computed>
      public_vlan_id:               <computed>
      secondary_ip_addresses.#:     <computed>
      secondary_ip_count:           "4"
      ssh_key_ids.#:                "1"
      ssh_key_ids.1141548:          "1141548"
      tags.#:                       "2"
      tags.2844461138:              "pvs01"
      tags.3562493167:              "ICP-Boot"
      wait_time_minutes:            "90"
[0m
[0m[32m  [32m+[0m [32mibm_compute_vm_instance.icp-master
[0m      id:                           <computed>
      block_storage_ids.#:          <computed>
      cores:                        "4"
      datacenter:                   "wdc01"
      disks.#:                      <computed>
      domain:                       "pvs01.local"
      file_storage_ids.#:           <computed>
      hostname:                     "pvs01-master1"
      hourly_billing:               "true"
      ip_address_id:                <computed>
      ip_address_id_private:        <computed>
      ipv4_address:                 <computed>
      ipv4_address_private:         <computed>
      ipv6_address:                 <computed>
      ipv6_address_id:              <computed>
      ipv6_enabled:                 "true"
      ipv6_static_enabled:          "false"
      local_disk:                   "false"
      memory:                       "16384"
      network_speed:                "1000"
      notes:                        "Master node for ICP deployment"
      os_reference_code:            "CENTOS_7_64"
      private_interface_id:         <computed>
      private_network_only:         "false"
      private_security_group_ids.#: <computed>
      private_subnet:               <computed>
      private_subnet_id:            <computed>
      private_vlan_id:              <computed>
      public_bandwidth_limited:     <computed>
      public_bandwidth_unlimited:   "false"
      public_interface_id:          <computed>
      public_ipv6_subnet:           <computed>
      public_ipv6_subnet_id:        <computed>
      public_security_group_ids.#:  <computed>
      public_subnet:                <computed>
      public_subnet_id:             <computed>
      public_vlan_id:               <computed>
      secondary_ip_addresses.#:     <computed>
      secondary_ip_count:           "4"
      ssh_key_ids.#:                "1"
      ssh_key_ids.1141548:          "1141548"
      tags.#:                       "2"
      tags.101832455:               "ICP-Master"
      tags.2844461138:              "pvs01"
      wait_time_minutes:            "90"
[0m
[0m[32m  [32m+[0m [32mibm_compute_vm_instance.icp-mgmt
[0m      id:                           <computed>
      block_storage_ids.#:          <computed>
      cores:                        "4"
      datacenter:                   "wdc01"
      disks.#:                      <computed>
      domain:                       "pvs01.local"
      file_storage_ids.#:           <computed>
      hostname:                     "pvs01-mgmt1"
      hourly_billing:               "true"
      ip_address_id:                <computed>
      ip_address_id_private:        <computed>
      ipv4_address:                 <computed>
      ipv4_address_private:         <computed>
      ipv6_address:                 <computed>
      ipv6_address_id:              <computed>
      ipv6_enabled:                 "true"
      ipv6_static_enabled:          "false"
      local_disk:                   "false"
      memory:                       "16384"
      network_speed:                "1000"
      notes:                        "Management node for ICP deployment"
      os_reference_code:            "CENTOS_7_64"
      private_interface_id:         <computed>
      private_network_only:         "false"
      private_security_group_ids.#: <computed>
      private_subnet:               <computed>
      private_subnet_id:            <computed>
      private_vlan_id:              <computed>
      public_bandwidth_limited:     <computed>
      public_bandwidth_unlimited:   "false"
      public_interface_id:          <computed>
      public_ipv6_subnet:           <computed>
      public_ipv6_subnet_id:        <computed>
      public_security_group_ids.#:  <computed>
      public_subnet:                <computed>
      public_subnet_id:             <computed>
      public_vlan_id:               <computed>
      secondary_ip_addresses.#:     <computed>
      secondary_ip_count:           "4"
      ssh_key_ids.#:                "1"
      ssh_key_ids.1141548:          "1141548"
      tags.#:                       "2"
      tags.2844461138:              "pvs01"
      tags.3908692518:              "ICP-Management"
      wait_time_minutes:            "90"
[0m
[0m[32m  [32m+[0m [32mibm_compute_vm_instance.icp-proxy
[0m      id:                           <computed>
      block_storage_ids.#:          <computed>
      cores:                        "2"
      datacenter:                   "wdc01"
      disks.#:                      <computed>
      domain:                       "pvs01.local"
      file_storage_ids.#:           <computed>
      hostname:                     "pvs01-proxy1"
      hourly_billing:               "true"
      ip_address_id:                <computed>
      ip_address_id_private:        <computed>
      ipv4_address:                 <computed>
      ipv4_address_private:         <computed>
      ipv6_address:                 <computed>
      ipv6_address_id:              <computed>
      ipv6_enabled:                 "true"
      ipv6_static_enabled:          "false"
      local_disk:                   "true"
      memory:                       "8192"
      network_speed:                "1000"
      notes:                        "Proxy node for ICP deployment"
      os_reference_code:            "CENTOS_7_64"
      private_interface_id:         <computed>
      private_network_only:         "false"
      private_security_group_ids.#: <computed>
      private_subnet:               <computed>
      private_subnet_id:            <computed>
      private_vlan_id:              <computed>
      public_bandwidth_limited:     <computed>
      public_bandwidth_unlimited:   "false"
      public_interface_id:          <computed>
      public_ipv6_subnet:           <computed>
      public_ipv6_subnet_id:        <computed>
      public_security_group_ids.#:  <computed>
      public_subnet:                <computed>
      public_subnet_id:             <computed>
      public_vlan_id:               <computed>
      secondary_ip_addresses.#:     <computed>
      secondary_ip_count:           "4"
      ssh_key_ids.#:                "1"
      ssh_key_ids.1141548:          "1141548"
      tags.#:                       "2"
      tags.2844461138:              "pvs01"
      tags.3747383812:              "ICP-Proxy"
      wait_time_minutes:            "90"
[0m
[0m[32m  [32m+[0m [32mibm_compute_vm_instance.icp-worker[0]
[0m      id:                           <computed>
      block_storage_ids.#:          <computed>
      cores:                        "4"
      datacenter:                   "wdc01"
      disks.#:                      <computed>
      domain:                       "pvs01.local"
      file_storage_ids.#:           <computed>
      hostname:                     "pvs01-worker1"
      hourly_billing:               "true"
      ip_address_id:                <computed>
      ip_address_id_private:        <computed>
      ipv4_address:                 <computed>
      ipv4_address_private:         <computed>
      ipv6_address:                 <computed>
      ipv6_address_id:              <computed>
      ipv6_enabled:                 "true"
      ipv6_static_enabled:          "false"
      local_disk:                   "true"
      memory:                       "16384"
      network_speed:                "1000"
      notes:                        "Worker node for ICP deployment"
      os_reference_code:            "CENTOS_7_64"
      private_interface_id:         <computed>
      private_network_only:         "false"
      private_security_group_ids.#: <computed>
      private_subnet:               <computed>
      private_subnet_id:            <computed>
      private_vlan_id:              <computed>
      public_bandwidth_limited:     <computed>
      public_bandwidth_unlimited:   "false"
      public_interface_id:          <computed>
      public_ipv6_subnet:           <computed>
      public_ipv6_subnet_id:        <computed>
      public_security_group_ids.#:  <computed>
      public_subnet:                <computed>
      public_subnet_id:             <computed>
      public_vlan_id:               <computed>
      secondary_ip_addresses.#:     <computed>
      secondary_ip_count:           "4"
      ssh_key_ids.#:                "1"
      ssh_key_ids.1141548:          "1141548"
      tags.#:                       "2"
      tags.2844461138:              "pvs01"
      tags.3031092147:              "ICP-Worker"
      wait_time_minutes:            "90"
[0m
[0m[32m  [32m+[0m [32mibm_compute_vm_instance.icp-worker[1]
[0m      id:                           <computed>
      block_storage_ids.#:          <computed>
      cores:                        "4"
      datacenter:                   "wdc01"
      disks.#:                      <computed>
      domain:                       "pvs01.local"
      file_storage_ids.#:           <computed>
      hostname:                     "pvs01-worker2"
      hourly_billing:               "true"
      ip_address_id:                <computed>
      ip_address_id_private:        <computed>
      ipv4_address:                 <computed>
      ipv4_address_private:         <computed>
      ipv6_address:                 <computed>
      ipv6_address_id:              <computed>
      ipv6_enabled:                 "true"
      ipv6_static_enabled:          "false"
      local_disk:                   "true"
      memory:                       "16384"
      network_speed:                "1000"
      notes:                        "Worker node for ICP deployment"
      os_reference_code:            "CENTOS_7_64"
      private_interface_id:         <computed>
      private_network_only:         "false"
      private_security_group_ids.#: <computed>
      private_subnet:               <computed>
      private_subnet_id:            <computed>
      private_vlan_id:              <computed>
      public_bandwidth_limited:     <computed>
      public_bandwidth_unlimited:   "false"
      public_interface_id:          <computed>
      public_ipv6_subnet:           <computed>
      public_ipv6_subnet_id:        <computed>
      public_security_group_ids.#:  <computed>
      public_subnet:                <computed>
      public_subnet_id:             <computed>
      public_vlan_id:               <computed>
      secondary_ip_addresses.#:     <computed>
      secondary_ip_count:           "4"
      ssh_key_ids.#:                "1"
      ssh_key_ids.1141548:          "1141548"
      tags.#:                       "2"
      tags.2844461138:              "pvs01"
      tags.3031092147:              "ICP-Worker"
      wait_time_minutes:            "90"
[0m
[0m[32m  [32m+[0m [32mrandom_id.adminpassword
[0m      id:                           <computed>
      b64:                          <computed>
      b64_std:                      <computed>
      b64_url:                      <computed>
      byte_length:                  "4"
      dec:                          <computed>
      hex:                          <computed>
[0m
[0m[32m  [32m+[0m [32mmodule.icpprovision.null_resource.icp-boot
[0m      id:                           <computed>
[0m
[0m[32m  [32m+[0m [32mmodule.icpprovision.null_resource.icp-cluster[0]
[0m      id:                           <computed>
[0m
[0m[32m  [32m+[0m [32mmodule.icpprovision.null_resource.icp-cluster[1]
[0m      id:                           <computed>
[0m
[0m[32m  [32m+[0m [32mmodule.icpprovision.null_resource.icp-cluster[2]
[0m      id:                           <computed>
[0m
[0m[32m  [32m+[0m [32mmodule.icpprovision.null_resource.icp-cluster[3]
[0m      id:                           <computed>
[0m
[0m[32m  [32m+[0m [32mmodule.icpprovision.null_resource.icp-cluster[4]
[0m      id:                           <computed>
[0m
[0m[32m  [32m+[0m [32mmodule.icpprovision.null_resource.icp-cluster[5]
[0m      id:                           <computed>
[0m
[0m[32m  [32m+[0m [32mmodule.icpprovision.null_resource.icp-worker-scaler
[0m      id:                           <computed>
      triggers.%:                   <computed>
[0m
[0m[32m  [32m+[0m [32mmodule.icpprovision.tls_private_key.icpkey
[0m      id:                           <computed>
      algorithm:                    "RSA"
      ecdsa_curve:                  "P224"
      private_key_pem:              <computed>
      public_key_openssh:           <computed>
      public_key_pem:               <computed>
      rsa_bits:                     "2048"
[0m
[0m
[0m[1mPlan:[0m 16 to add, 0 to change, 0 to destroy.[0m

[0m[1mDo you want to perform these actions?[0m
  Terraform will perform the actions described above.
  Only 'yes' will be accepted to approve.

  [1mEnter a value:[0m [0m
[0m[1mrandom_id.adminpassword: Creating...[0m
  b64:         "" => "<computed>"
  b64_std:     "" => "<computed>"
  b64_url:     "" => "<computed>"
  byte_length: "" => "4"
  dec:         "" => "<computed>"
  hex:         "" => "<computed>"[0m
[0m[1mmodule.icpprovision.tls_private_key.icpkey: Creating...[0m
  algorithm:          "" => "RSA"
  ecdsa_curve:        "" => "P224"
  private_key_pem:    "" => "<computed>"
  public_key_openssh: "" => "<computed>"
  public_key_pem:     "" => "<computed>"
  rsa_bits:           "" => "2048"[0m
[0m[1mibm_compute_vm_instance.icp-proxy: Creating...[0m
  block_storage_ids.#:          "" => "<computed>"
  cores:                        "" => "2"
  datacenter:                   "" => "wdc01"
  disks.#:                      "" => "<computed>"
  domain:                       "" => "pvs01.local"
  file_storage_ids.#:           "" => "<computed>"
  hostname:                     "" => "pvs01-proxy1"
  hourly_billing:               "" => "true"
  ip_address_id:                "" => "<computed>"
  ip_address_id_private:        "" => "<computed>"
  ipv4_address:                 "" => "<computed>"
  ipv4_address_private:         "" => "<computed>"
  ipv6_address:                 "" => "<computed>"
  ipv6_address_id:              "" => "<computed>"
  ipv6_enabled:                 "" => "true"
  ipv6_static_enabled:          "" => "false"
  local_disk:                   "" => "true"
  memory:                       "" => "8192"
  network_speed:                "" => "1000"
  notes:                        "" => "Proxy node for ICP deployment"
  os_reference_code:            "" => "CENTOS_7_64"
  private_interface_id:         "" => "<computed>"
  private_network_only:         "" => "false"
  private_security_group_ids.#: "" => "<computed>"
  private_subnet:               "" => "<computed>"
  private_subnet_id:            "" => "<computed>"
  private_vlan_id:              "" => "<computed>"
  public_bandwidth_limited:     "" => "<computed>"
  public_bandwidth_unlimited:   "" => "false"
  public_interface_id:          "" => "<computed>"
  public_ipv6_subnet:           "" => "<computed>"
  public_ipv6_subnet_id:        "" => "<computed>"
  public_security_group_ids.#:  "" => "<computed>"
  public_subnet:                "" => "<computed>"
  public_subnet_id:             "" => "<computed>"
  public_vlan_id:               "" => "<computed>"
  secondary_ip_addresses.#:     "" => "<computed>"
  secondary_ip_count:           "" => "4"
  ssh_key_ids.#:                "" => "1"
  ssh_key_ids.1141548:          "" => "1141548"
  tags.#:                       "" => "2"
  tags.2844461138:              "" => "pvs01"
  tags.3747383812:              "" => "ICP-Proxy"
  wait_time_minutes:            "" => "90"[0m
[0m[1mibm_compute_vm_instance.icp-mgmt: Creating...[0m
  block_storage_ids.#:          "" => "<computed>"
  cores:                        "" => "4"
  datacenter:                   "" => "wdc01"
  disks.#:                      "" => "<computed>"
  domain:                       "" => "pvs01.local"
  file_storage_ids.#:           "" => "<computed>"
  hostname:                     "" => "pvs01-mgmt1"
  hourly_billing:               "" => "true"
  ip_address_id:                "" => "<computed>"
  ip_address_id_private:        "" => "<computed>"
  ipv4_address:                 "" => "<computed>"
  ipv4_address_private:         "" => "<computed>"
  ipv6_address:                 "" => "<computed>"
  ipv6_address_id:              "" => "<computed>"
  ipv6_enabled:                 "" => "true"
  ipv6_static_enabled:          "" => "false"
  local_disk:                   "" => "false"
  memory:                       "" => "16384"
  network_speed:                "" => "1000"
  notes:                        "" => "Management node for ICP deployment"
  os_reference_code:            "" => "CENTOS_7_64"
  private_interface_id:         "" => "<computed>"
  private_network_only:         "" => "false"
  private_security_group_ids.#: "" => "<computed>"
  private_subnet:               "" => "<computed>"
  private_subnet_id:            "" => "<computed>"
  private_vlan_id:              "" => "<computed>"
  public_bandwidth_limited:     "" => "<computed>"
  public_bandwidth_unlimited:   "" => "false"
  public_interface_id:          "" => "<computed>"
  public_ipv6_subnet:           "" => "<computed>"
  public_ipv6_subnet_id:        "" => "<computed>"
  public_security_group_ids.#:  "" => "<computed>"
  public_subnet:                "" => "<computed>"
  public_subnet_id:             "" => "<computed>"
  public_vlan_id:               "" => "<computed>"
  secondary_ip_addresses.#:     "" => "<computed>"
  secondary_ip_count:           "" => "4"
  ssh_key_ids.#:                "" => "1"
  ssh_key_ids.1141548:          "" => "1141548"
  tags.#:                       "" => "2"
  tags.2844461138:              "" => "pvs01"
  tags.3908692518:              "" => "ICP-Management"
  wait_time_minutes:            "" => "90"[0m
[0m[1mrandom_id.adminpassword: Creation complete after 0s (ID: PaOnsg)[0m[0m
[0m[1mibm_compute_vm_instance.icp-master: Creating...[0m
  block_storage_ids.#:          "" => "<computed>"
  cores:                        "" => "4"
  datacenter:                   "" => "wdc01"
  disks.#:                      "" => "<computed>"
  domain:                       "" => "pvs01.local"
  file_storage_ids.#:           "" => "<computed>"
  hostname:                     "" => "pvs01-master1"
  hourly_billing:               "" => "true"
  ip_address_id:                "" => "<computed>"
  ip_address_id_private:        "" => "<computed>"
  ipv4_address:                 "" => "<computed>"
  ipv4_address_private:         "" => "<computed>"
  ipv6_address:                 "" => "<computed>"
  ipv6_address_id:              "" => "<computed>"
  ipv6_enabled:                 "" => "true"
  ipv6_static_enabled:          "" => "false"
  local_disk:                   "" => "false"
  memory:                       "" => "16384"
  network_speed:                "" => "1000"
  notes:                        "" => "Master node for ICP deployment"
  os_reference_code:            "" => "CENTOS_7_64"
  private_interface_id:         "" => "<computed>"
  private_network_only:         "" => "false"
  private_security_group_ids.#: "" => "<computed>"
  private_subnet:               "" => "<computed>"
  private_subnet_id:            "" => "<computed>"
  private_vlan_id:              "" => "<computed>"
  public_bandwidth_limited:     "" => "<computed>"
  public_bandwidth_unlimited:   "" => "false"
  public_interface_id:          "" => "<computed>"
  public_ipv6_subnet:           "" => "<computed>"
  public_ipv6_subnet_id:        "" => "<computed>"
  public_security_group_ids.#:  "" => "<computed>"
  public_subnet:                "" => "<computed>"
  public_subnet_id:             "" => "<computed>"
  public_vlan_id:               "" => "<computed>"
  secondary_ip_addresses.#:     "" => "<computed>"
  secondary_ip_count:           "" => "4"
  ssh_key_ids.#:                "" => "1"
  ssh_key_ids.1141548:          "" => "1141548"
  tags.#:                       "" => "2"
  tags.101832455:               "" => "ICP-Master"
  tags.2844461138:              "" => "pvs01"
  wait_time_minutes:            "" => "90"[0m
[0m[1mibm_compute_vm_instance.icp-worker[1]: Creating...[0m
  block_storage_ids.#:          "" => "<computed>"
  cores:                        "" => "4"
  datacenter:                   "" => "wdc01"
  disks.#:                      "" => "<computed>"
  domain:                       "" => "pvs01.local"
  file_storage_ids.#:           "" => "<computed>"
  hostname:                     "" => "pvs01-worker2"
  hourly_billing:               "" => "true"
  ip_address_id:                "" => "<computed>"
  ip_address_id_private:        "" => "<computed>"
  ipv4_address:                 "" => "<computed>"
  ipv4_address_private:         "" => "<computed>"
  ipv6_address:                 "" => "<computed>"
  ipv6_address_id:              "" => "<computed>"
  ipv6_enabled:                 "" => "true"
  ipv6_static_enabled:          "" => "false"
  local_disk:                   "" => "true"
  memory:                       "" => "16384"
  network_speed:                "" => "1000"
  notes:                        "" => "Worker node for ICP deployment"
  os_reference_code:            "" => "CENTOS_7_64"
  private_interface_id:         "" => "<computed>"
  private_network_only:         "" => "false"
  private_security_group_ids.#: "" => "<computed>"
  private_subnet:               "" => "<computed>"
  private_subnet_id:            "" => "<computed>"
  private_vlan_id:              "" => "<computed>"
  public_bandwidth_limited:     "" => "<computed>"
  public_bandwidth_unlimited:   "" => "false"
  public_interface_id:          "" => "<computed>"
  public_ipv6_subnet:           "" => "<computed>"
  public_ipv6_subnet_id:        "" => "<computed>"
  public_security_group_ids.#:  "" => "<computed>"
  public_subnet:                "" => "<computed>"
  public_subnet_id:             "" => "<computed>"
  public_vlan_id:               "" => "<computed>"
  secondary_ip_addresses.#:     "" => "<computed>"
  secondary_ip_count:           "" => "4"
  ssh_key_ids.#:                "" => "1"
  ssh_key_ids.1141548:          "" => "1141548"
  tags.#:                       "" => "2"
  tags.2844461138:              "" => "pvs01"
  tags.3031092147:              "" => "ICP-Worker"
  wait_time_minutes:            "" => "90"[0m
[0m[1mibm_compute_vm_instance.icp-worker[0]: Creating...[0m
  block_storage_ids.#:          "" => "<computed>"
  cores:                        "" => "4"
  datacenter:                   "" => "wdc01"
  disks.#:                      "" => "<computed>"
  domain:                       "" => "pvs01.local"
  file_storage_ids.#:           "" => "<computed>"
  hostname:                     "" => "pvs01-worker1"
  hourly_billing:               "" => "true"
  ip_address_id:                "" => "<computed>"
  ip_address_id_private:        "" => "<computed>"
  ipv4_address:                 "" => "<computed>"
  ipv4_address_private:         "" => "<computed>"
  ipv6_address:                 "" => "<computed>"
  ipv6_address_id:              "" => "<computed>"
  ipv6_enabled:                 "" => "true"
  ipv6_static_enabled:          "" => "false"
  local_disk:                   "" => "true"
  memory:                       "" => "16384"
  network_speed:                "" => "1000"
  notes:                        "" => "Worker node for ICP deployment"
  os_reference_code:            "" => "CENTOS_7_64"
  private_interface_id:         "" => "<computed>"
  private_network_only:         "" => "false"
  private_security_group_ids.#: "" => "<computed>"
  private_subnet:               "" => "<computed>"
  private_subnet_id:            "" => "<computed>"
  private_vlan_id:              "" => "<computed>"
  public_bandwidth_limited:     "" => "<computed>"
  public_bandwidth_unlimited:   "" => "false"
  public_interface_id:          "" => "<computed>"
  public_ipv6_subnet:           "" => "<computed>"
  public_ipv6_subnet_id:        "" => "<computed>"
  public_security_group_ids.#:  "" => "<computed>"
  public_subnet:                "" => "<computed>"
  public_subnet_id:             "" => "<computed>"
  public_vlan_id:               "" => "<computed>"
  secondary_ip_addresses.#:     "" => "<computed>"
  secondary_ip_count:           "" => "4"
  ssh_key_ids.#:                "" => "1"
  ssh_key_ids.1141548:          "" => "1141548"
  tags.#:                       "" => "2"
  tags.2844461138:              "" => "pvs01"
  tags.3031092147:              "" => "ICP-Worker"
  wait_time_minutes:            "" => "90"[0m
[0m[1mibm_compute_vm_instance.icp-boot: Creating...[0m
  block_storage_ids.#:          "" => "<computed>"
  cores:                        "" => "2"
  datacenter:                   "" => "wdc01"
  disks.#:                      "" => "<computed>"
  domain:                       "" => "pvs01.local"
  file_storage_ids.#:           "" => "<computed>"
  hostname:                     "" => "pvs01-boot"
  hourly_billing:               "" => "true"
  ip_address_id:                "" => "<computed>"
  ip_address_id_private:        "" => "<computed>"
  ipv4_address:                 "" => "<computed>"
  ipv4_address_private:         "" => "<computed>"
  ipv6_address:                 "" => "<computed>"
  ipv6_address_id:              "" => "<computed>"
  ipv6_enabled:                 "" => "true"
  ipv6_static_enabled:          "" => "false"
  local_disk:                   "" => "false"
  memory:                       "" => "8192"
  network_speed:                "" => "1000"
  notes:                        "" => "Boot machine for ICP deployment"
  os_reference_code:            "" => "CENTOS_7_64"
  private_interface_id:         "" => "<computed>"
  private_network_only:         "" => "false"
  private_security_group_ids.#: "" => "<computed>"
  private_subnet:               "" => "<computed>"
  private_subnet_id:            "" => "<computed>"
  private_vlan_id:              "" => "<computed>"
  public_bandwidth_limited:     "" => "<computed>"
  public_bandwidth_unlimited:   "" => "false"
  public_interface_id:          "" => "<computed>"
  public_ipv6_subnet:           "" => "<computed>"
  public_ipv6_subnet_id:        "" => "<computed>"
  public_security_group_ids.#:  "" => "<computed>"
  public_subnet:                "" => "<computed>"
  public_subnet_id:             "" => "<computed>"
  public_vlan_id:               "" => "<computed>"
  secondary_ip_addresses.#:     "" => "<computed>"
  secondary_ip_count:           "" => "4"
  ssh_key_ids.#:                "" => "1"
  ssh_key_ids.1141548:          "" => "1141548"
  tags.#:                       "" => "2"
  tags.2844461138:              "" => "pvs01"
  tags.3562493167:              "" => "ICP-Boot"
  wait_time_minutes:            "" => "90"[0m
[0m[1mmodule.icpprovision.tls_private_key.icpkey: Provisioning with 'local-exec'...[0m[0m
[0m[0mmodule.icpprovision.tls_private_key.icpkey (local-exec): Executing: ["/bin/sh" "-c" "cat > privatekey.pem <<EOL\n-----BEGIN RSA PRIVATE KEY-----\nMIIEpQIBAAKCAQEAzFuHw/Rs+CZqnwr/iAY1KnZvuEDXUv0x+DLlrkJpBensDUVD\nqXF299h8n8ELiX1y0r3fhcJgKDRup75NbrJa9lYZq50kVihI93C7VFpNV/ALahAc\nv2WzhU6p+5wkpzvg7LTL6sedcxWJlh72tRv92zPkpr6Lh6db+aBsfdiSxmErIfs2\n9cpVFdG2+mMjxhXAS1OYW/WDPA0Q12wupdJc35bjGeJOvpmoKmcvDcHCOzkpP6yA\n8OGCpBe+9PaSWxoPqJPhBu4YwC0HMf7UqoVJ0+Ke85DWPdUOod9fOXjiKzKb4cx6\nbl3aDVQA1BHWkJxvK+mtZbnYUE/y/okdYTpTQQIDAQABAoIBAQCTUPhSHoXfbXI3\nLKqA2FjDP5XR8YxH2xaGocpJEL688KCmAGSCZbUpffp4/6TdfH2lxhK4TiMbWJDc\ng6c2QYSpR/BBcoqbQXc4SSAB8wcGeZkA4JSYtSvw0YBgTXNuyw+eE8dcfIHYUJJa\nkf+vF3qs5n/SZFIZfGAlV6xeHB3Suzcswk8SmU86WpOUzkZH01GUDUnW0XRI3sYW\no+gSbAQXM6Rw4lB2MFxWgs8neNnW0HLXO2ry1U4aW5vOGGrtLT4Px8+dC80+7zfZ\n4ql6lrRCgR53SfA87zdBtOam9Y9vlFvJEqQJDcM1xgFmnPY9WXN1YnIyDRw21EA3\ngxVqbl0BAoGBAPEu5nsVHhy/4+fV40/4pei4iPLAyVXnT0d1YUcp9gMy+CPfILf5\nmGOyghyuSEQ4JGjRh2KEczXHbXFNlGADL+pwfb5nXrp8YavTHcS5JWZRQi6FIo1l\nnF9fRK8wTiappOyLbZtgaGz+xdWYbAXMTG4UrZv1ZDA0Z6BMN5td/Uq5AoGBANjp\neJcXOdUs+cNa2XUNCyI/BmTR4iQg23F7/4Kj9V73mCjpnOLo+wLuHQFTAvfCvPXL\njP5w8BVVTCL9IKWURxzCqhcQ5ndqEcNRCX0yxCP23FfDakb8mDQ6wdSJaj9/tlQU\nP+RjXnXQ4luhGB+QRfFceZrakOy7QejnURzZO+jJAoGBAIsjM3PuSuDrEt+8VNbd\n61jGnLru3Tfhqarf3K7hVjuiO+T15Do+k9twL/+7y5UPjnGp7yC2qIBt/IVQ7Dg3\nnnzxSJl/qPaMqwwlTxceeKT+W9/ajoRkCkI7A7TNeUh0teCAz0rD43p9wEPpGuh9\nY9pds4o1lwb4NJAVaD8JigaBAoGAbZOL4q/N/F3LEqALaHEdZcB252mLlvquQKcG\nTaWsJ7xmNozFP2+4liNZrbiUsDrFIFoisMq2zeAYJTjATEUao3HHYP2dn0eLD6MZ\naxDBOvXTG9bREmk6LnBcSJTegpNutQzBtgtoxZWvM+Cuggts+d/gYpT1T1HNmu13\n8V3gQNkCgYEAjKaiK1+r1SyPmprtjFbnrM6CZULq/17JpAXbxvXFZrDDxUh4Qnbf\n3E5VgMgPguQ2RtGalcSjEe4il+qS1xASOaAVcVBuNBbwDDtcbklwT6raU9y8TrLN\nvwKPZBovSfpJ8AyPEaDCKU5wJwOP37pRPdA82pwB1KC6xaBJITnlk/Y=\n-----END RSA PRIVATE KEY-----\n\nEOL"]
[0m[1mmodule.icpprovision.tls_private_key.icpkey: Creation complete after 0s (ID: a4edab22c6136710f3841408bde0bea3bedfd3d6)[0m[0m
[0m[1mibm_compute_vm_instance.icp-master: Still creating... (10s elapsed)[0m[0m
[0m[1mibm_compute_vm_instance.icp-mgmt: Still creating... (10s elapsed)[0m[0m
[0m[1mibm_compute_vm_instance.icp-worker.1: Still creating... (10s elapsed)[0m[0m
[0m[1mibm_compute_vm_instance.icp-proxy: Still creating... (10s elapsed)[0m[0m
[0m[1mibm_compute_vm_instance.icp-worker.0: Still creating... (10s elapsed)[0m[0m
[0m[1mibm_compute_vm_instance.icp-boot: Still creating... (10s elapsed)[0m[0m
[0m[1mibm_compute_vm_instance.icp-master: Still creating... (20s elapsed)[0m[0m
[0m[1mibm_compute_vm_instance.icp-mgmt: Still creating... (20s elapsed)[0m[0m
[0m[1mibm_compute_vm_instance.icp-worker.0: Still creating... (20s elapsed)[0m[0m
[0m[1mibm_compute_vm_instance.icp-worker.1: Still creating... (20s elapsed)[0m[0m
[0m[1mibm_compute_vm_instance.icp-proxy: Still creating... (20s elapsed)[0m[0m
[0m[1mibm_compute_vm_instance.icp-boot: Still creating... (20s elapsed)[0m[0m
[0m[1mibm_compute_vm_instance.icp-proxy: Still creating... (30s elapsed)[0m[0m
[0m[1mibm_compute_vm_instance.icp-worker.0: Still creating... (30s elapsed)[0m[0m
[0m[1mibm_compute_vm_instance.icp-master: Still creating... (30s elapsed)[0m[0m
[0m[1mibm_compute_vm_instance.icp-worker.1: Still creating... (30s elapsed)[0m[0m
[0m[1mibm_compute_vm_instance.icp-mgmt: Still creating... (30s elapsed)[0m[0m
[0m[1mibm_compute_vm_instance.icp-boot: Still creating... (30s elapsed)[0m[0m
[0m[1mibm_compute_vm_instance.icp-mgmt: Still creating... (40s elapsed)[0m[0m
[0m[1mibm_compute_vm_instance.icp-worker.0: Still creating... (40s elapsed)[0m[0m
[0m[1mibm_compute_vm_instance.icp-master: Still creating... (40s elapsed)[0m[0m
[0m[1mibm_compute_vm_instance.icp-worker.1: Still creating... (40s elapsed)[0m[0m
[0m[1mibm_compute_vm_instance.icp-proxy: Still creating... (40s elapsed)[0m[0m
[0m[1mibm_compute_vm_instance.icp-boot: Still creating... (40s elapsed)[0m[0m
[0m[1mibm_compute_vm_instance.icp-mgmt: Still creating... (50s elapsed)[0m[0m
[0m[1mibm_compute_vm_instance.icp-worker.0: Still creating... (50s elapsed)[0m[0m
[0m[1mibm_compute_vm_instance.icp-master: Still creating... (50s elapsed)[0m[0m
[0m[1mibm_compute_vm_instance.icp-proxy: Still creating... (50s elapsed)[0m[0m
[0m[1mibm_compute_vm_instance.icp-worker.1: Still creating... (50s elapsed)[0m[0m
[0m[1mibm_compute_vm_instance.icp-boot: Still creating... (50s elapsed)[0m[0m
[0m[1mibm_compute_vm_instance.icp-worker.0: Still creating... (1m0s elapsed)[0m[0m
[0m[1mibm_compute_vm_instance.icp-proxy: Still creating... (1m0s elapsed)[0m[0m
[0m[1mibm_compute_vm_instance.icp-worker.1: Still creating... (1m0s elapsed)[0m[0m
[0m[1mibm_compute_vm_instance.icp-master: Still creating... (1m0s elapsed)[0m[0m
[0m[1mibm_compute_vm_instance.icp-mgmt: Still creating... (1m0s elapsed)[0m[0m
[0m[1mibm_compute_vm_instance.icp-boot: Still creating... (1m0s elapsed)[0m[0m
[0m[1mibm_compute_vm_instance.icp-worker.0: Still creating... (1m10s elapsed)[0m[0m
[0m[1mibm_compute_vm_instance.icp-worker.1: Still creating... (1m10s elapsed)[0m[0m
[0m[1mibm_compute_vm_instance.icp-proxy: Still creating... (1m10s elapsed)[0m[0m
[0m[1mibm_compute_vm_instance.icp-mgmt: Still creating... (1m10s elapsed)[0m[0m
[0m[1mibm_compute_vm_instance.icp-master: Still creating... (1m10s elapsed)[0m[0m
[0m[1mibm_compute_vm_instance.icp-boot: Still creating... (1m10s elapsed)[0m[0m
[0m[1mibm_compute_vm_instance.icp-worker.0: Still creating... (1m20s elapsed)[0m[0m
[0m[1mibm_compute_vm_instance.icp-mgmt: Still creating... (1m20s elapsed)[0m[0m
[0m[1mibm_compute_vm_instance.icp-master: Still creating... (1m20s elapsed)[0m[0m
[0m[1mibm_compute_vm_instance.icp-proxy: Still creating... (1m20s elapsed)[0m[0m
[0m[1mibm_compute_vm_instance.icp-worker.1: Still creating... (1m20s elapsed)[0m[0m
[0m[1mibm_compute_vm_instance.icp-boot: Still creating... (1m20s elapsed)[0m[0m
[0m[1mibm_compute_vm_instance.icp-proxy: Still creating... (1m30s elapsed)[0m[0m
[0m[1mibm_compute_vm_instance.icp-worker.1: Still creating... (1m30s elapsed)[0m[0m
[0m[1mibm_compute_vm_instance.icp-master: Still creating... (1m30s elapsed)[0m[0m
[0m[1mibm_compute_vm_instance.icp-worker.0: Still creating... (1m30s elapsed)[0m[0m
[0m[1mibm_compute_vm_instance.icp-mgmt: Still creating... (1m30s elapsed)[0m[0m
[0m[1mibm_compute_vm_instance.icp-boot: Still creating... (1m30s elapsed)[0m[0m
[0m[1mibm_compute_vm_instance.icp-master: Still creating... (1m40s elapsed)[0m[0m
[0m[1mibm_compute_vm_instance.icp-worker.1: Still creating... (1m40s elapsed)[0m[0m
[0m[1mibm_compute_vm_instance.icp-mgmt: Still creating... (1m40s elapsed)[0m[0m
[0m[1mibm_compute_vm_instance.icp-proxy: Still creating... (1m40s elapsed)[0m[0m
[0m[1mibm_compute_vm_instance.icp-worker.0: Still creating... (1m40s elapsed)[0m[0m
[0m[1mibm_compute_vm_instance.icp-boot: Still creating... (1m40s elapsed)[0m[0m
[0m[1mibm_compute_vm_instance.icp-master: Still creating... (1m50s elapsed)[0m[0m
[0m[1mibm_compute_vm_instance.icp-mgmt: Still creating... (1m50s elapsed)[0m[0m
[0m[1mibm_compute_vm_instance.icp-worker.0: Still creating... (1m50s elapsed)[0m[0m
[0m[1mibm_compute_vm_instance.icp-worker.1: Still creating... (1m50s elapsed)[0m[0m
[0m[1mibm_compute_vm_instance.icp-proxy: Still creating... (1m50s elapsed)[0m[0m
[0m[1mibm_compute_vm_instance.icp-boot: Still creating... (1m50s elapsed)[0m[0m
[0m[1mibm_compute_vm_instance.icp-proxy: Still creating... (2m0s elapsed)[0m[0m
[0m[1mibm_compute_vm_instance.icp-worker.0: Still creating... (2m0s elapsed)[0m[0m
[0m[1mibm_compute_vm_instance.icp-worker.1: Still creating... (2m0s elapsed)[0m[0m
[0m[1mibm_compute_vm_instance.icp-mgmt: Still creating... (2m0s elapsed)[0m[0m
[0m[1mibm_compute_vm_instance.icp-master: Still creating... (2m0s elapsed)[0m[0m
[0m[1mibm_compute_vm_instance.icp-boot: Still creating... (2m0s elapsed)[0m[0m
[0m[1mibm_compute_vm_instance.icp-worker.1: Still creating... (2m10s elapsed)[0m[0m
[0m[1mibm_compute_vm_instance.icp-worker.0: Still creating... (2m10s elapsed)[0m[0m
[0m[1mibm_compute_vm_instance.icp-mgmt: Still creating... (2m10s elapsed)[0m[0m
[0m[1mibm_compute_vm_instance.icp-proxy: Still creating... (2m10s elapsed)[0m[0m
[0m[1mibm_compute_vm_instance.icp-master: Still creating... (2m10s elapsed)[0m[0m
[0m[1mibm_compute_vm_instance.icp-boot: Still creating... (2m10s elapsed)[0m[0m
[0m[1mibm_compute_vm_instance.icp-master: Still creating... (2m20s elapsed)[0m[0m
[0m[1mibm_compute_vm_instance.icp-mgmt: Still creating... (2m20s elapsed)[0m[0m
[0m[1mibm_compute_vm_instance.icp-worker.0: Still creating... (2m20s elapsed)[0m[0m
[0m[1mibm_compute_vm_instance.icp-worker.1: Still creating... (2m20s elapsed)[0m[0m
[0m[1mibm_compute_vm_instance.icp-proxy: Still creating... (2m20s elapsed)[0m[0m
[0m[1mibm_compute_vm_instance.icp-boot: Still creating... (2m20s elapsed)[0m[0m
[0m[1mibm_compute_vm_instance.icp-boot: Creation complete after 2m28s (ID: 54477663)[0m[0m
[0m[1mibm_compute_vm_instance.icp-mgmt: Still creating... (2m30s elapsed)[0m[0m
[0m[1mibm_compute_vm_instance.icp-worker.0: Still creating... (2m30s elapsed)[0m[0m
[0m[1mibm_compute_vm_instance.icp-master: Still creating... (2m30s elapsed)[0m[0m
[0m[1mibm_compute_vm_instance.icp-worker.1: Still creating... (2m30s elapsed)[0m[0m
[0m[1mibm_compute_vm_instance.icp-proxy: Still creating... (2m30s elapsed)[0m[0m
[0m[1mibm_compute_vm_instance.icp-proxy: Still creating... (2m40s elapsed)[0m[0m
[0m[1mibm_compute_vm_instance.icp-mgmt: Still creating... (2m40s elapsed)[0m[0m
[0m[1mibm_compute_vm_instance.icp-master: Still creating... (2m40s elapsed)[0m[0m
[0m[1mibm_compute_vm_instance.icp-worker.0: Still creating... (2m40s elapsed)[0m[0m
[0m[1mibm_compute_vm_instance.icp-worker.1: Still creating... (2m40s elapsed)[0m[0m
[0m[1mibm_compute_vm_instance.icp-proxy: Still creating... (2m50s elapsed)[0m[0m
[0m[1mibm_compute_vm_instance.icp-master: Still creating... (2m50s elapsed)[0m[0m
[0m[1mibm_compute_vm_instance.icp-worker.0: Still creating... (2m50s elapsed)[0m[0m
[0m[1mibm_compute_vm_instance.icp-worker.1: Still creating... (2m50s elapsed)[0m[0m
[0m[1mibm_compute_vm_instance.icp-mgmt: Still creating... (2m50s elapsed)[0m[0m
[0m[1mibm_compute_vm_instance.icp-proxy: Still creating... (3m0s elapsed)[0m[0m
[0m[1mibm_compute_vm_instance.icp-master: Still creating... (3m0s elapsed)[0m[0m
[0m[1mibm_compute_vm_instance.icp-mgmt: Still creating... (3m0s elapsed)[0m[0m
[0m[1mibm_compute_vm_instance.icp-worker.0: Still creating... (3m0s elapsed)[0m[0m
[0m[1mibm_compute_vm_instance.icp-worker.1: Still creating... (3m0s elapsed)[0m[0m
[0m[1mibm_compute_vm_instance.icp-proxy: Still creating... (3m10s elapsed)[0m[0m
[0m[1mibm_compute_vm_instance.icp-worker.1: Still creating... (3m10s elapsed)[0m[0m
[0m[1mibm_compute_vm_instance.icp-mgmt: Still creating... (3m10s elapsed)[0m[0m
[0m[1mibm_compute_vm_instance.icp-master: Still creating... (3m10s elapsed)[0m[0m
[0m[1mibm_compute_vm_instance.icp-worker.0: Still creating... (3m10s elapsed)[0m[0m
[0m[1mibm_compute_vm_instance.icp-proxy: Creation complete after 3m13s (ID: 54477683)[0m[0m
[0m[1mibm_compute_vm_instance.icp-worker.0: Still creating... (3m20s elapsed)[0m[0m
[0m[1mibm_compute_vm_instance.icp-mgmt: Still creating... (3m20s elapsed)[0m[0m
[0m[1mibm_compute_vm_instance.icp-master: Still creating... (3m20s elapsed)[0m[0m
[0m[1mibm_compute_vm_instance.icp-worker.1: Still creating... (3m20s elapsed)[0m[0m
[0m[1mibm_compute_vm_instance.icp-mgmt: Still creating... (3m30s elapsed)[0m[0m
[0m[1mibm_compute_vm_instance.icp-worker.0: Still creating... (3m30s elapsed)[0m[0m
[0m[1mibm_compute_vm_instance.icp-master: Still creating... (3m30s elapsed)[0m[0m
[0m[1mibm_compute_vm_instance.icp-worker.1: Still creating... (3m30s elapsed)[0m[0m
[0m[1mibm_compute_vm_instance.icp-worker.1: Still creating... (3m40s elapsed)[0m[0m
[0m[1mibm_compute_vm_instance.icp-worker.0: Still creating... (3m40s elapsed)[0m[0m
[0m[1mibm_compute_vm_instance.icp-mgmt: Still creating... (3m40s elapsed)[0m[0m
[0m[1mibm_compute_vm_instance.icp-master: Still creating... (3m40s elapsed)[0m[0m
[0m[1mibm_compute_vm_instance.icp-worker[0]: Creation complete after 3m45s (ID: 54477675)[0m[0m
[0m[1mibm_compute_vm_instance.icp-worker.1: Still creating... (3m50s elapsed)[0m[0m
[0m[1mibm_compute_vm_instance.icp-master: Still creating... (3m50s elapsed)[0m[0m
[0m[1mibm_compute_vm_instance.icp-mgmt: Still creating... (3m50s elapsed)[0m[0m
[0m[1mibm_compute_vm_instance.icp-master: Still creating... (4m0s elapsed)[0m[0m
[0m[1mibm_compute_vm_instance.icp-worker.1: Still creating... (4m0s elapsed)[0m[0m
[0m[1mibm_compute_vm_instance.icp-mgmt: Still creating... (4m0s elapsed)[0m[0m
[0m[1mibm_compute_vm_instance.icp-master: Still creating... (4m10s elapsed)[0m[0m
[0m[1mibm_compute_vm_instance.icp-mgmt: Still creating... (4m10s elapsed)[0m[0m
[0m[1mibm_compute_vm_instance.icp-worker.1: Still creating... (4m10s elapsed)[0m[0m
[0m[1mibm_compute_vm_instance.icp-master: Still creating... (4m20s elapsed)[0m[0m
[0m[1mibm_compute_vm_instance.icp-worker.1: Still creating... (4m20s elapsed)[0m[0m
[0m[1mibm_compute_vm_instance.icp-mgmt: Still creating... (4m20s elapsed)[0m[0m
[0m[1mibm_compute_vm_instance.icp-worker[1]: Creation complete after 4m27s (ID: 54477667)[0m[0m
[0m[1mibm_compute_vm_instance.icp-master: Still creating... (4m30s elapsed)[0m[0m
[0m[1mibm_compute_vm_instance.icp-mgmt: Still creating... (4m30s elapsed)[0m[0m
[0m[1mibm_compute_vm_instance.icp-mgmt: Still creating... (4m40s elapsed)[0m[0m
[0m[1mibm_compute_vm_instance.icp-master: Still creating... (4m40s elapsed)[0m[0m
[0m[1mibm_compute_vm_instance.icp-mgmt: Still creating... (4m50s elapsed)[0m[0m
[0m[1mibm_compute_vm_instance.icp-master: Still creating... (4m50s elapsed)[0m[0m
[0m[1mibm_compute_vm_instance.icp-master: Still creating... (5m0s elapsed)[0m[0m
[0m[1mibm_compute_vm_instance.icp-mgmt: Still creating... (5m0s elapsed)[0m[0m
[0m[1mibm_compute_vm_instance.icp-master: Still creating... (5m10s elapsed)[0m[0m
[0m[1mibm_compute_vm_instance.icp-mgmt: Still creating... (5m10s elapsed)[0m[0m
[0m[1mibm_compute_vm_instance.icp-master: Still creating... (5m20s elapsed)[0m[0m
[0m[1mibm_compute_vm_instance.icp-mgmt: Still creating... (5m20s elapsed)[0m[0m
[0m[1mibm_compute_vm_instance.icp-mgmt: Still creating... (5m30s elapsed)[0m[0m
[0m[1mibm_compute_vm_instance.icp-master: Still creating... (5m30s elapsed)[0m[0m
[0m[1mibm_compute_vm_instance.icp-mgmt: Still creating... (5m40s elapsed)[0m[0m
[0m[1mibm_compute_vm_instance.icp-master: Still creating... (5m40s elapsed)[0m[0m
[0m[1mibm_compute_vm_instance.icp-mgmt: Still creating... (5m50s elapsed)[0m[0m
[0m[1mibm_compute_vm_instance.icp-master: Still creating... (5m50s elapsed)[0m[0m
[0m[1mibm_compute_vm_instance.icp-mgmt: Still creating... (6m0s elapsed)[0m[0m
[0m[1mibm_compute_vm_instance.icp-master: Still creating... (6m0s elapsed)[0m[0m
[0m[1mibm_compute_vm_instance.icp-mgmt: Still creating... (6m10s elapsed)[0m[0m
[0m[1mibm_compute_vm_instance.icp-master: Still creating... (6m10s elapsed)[0m[0m
[0m[1mibm_compute_vm_instance.icp-mgmt: Still creating... (6m20s elapsed)[0m[0m
[0m[1mibm_compute_vm_instance.icp-master: Still creating... (6m20s elapsed)[0m[0m
[0m[1mibm_compute_vm_instance.icp-mgmt: Still creating... (6m30s elapsed)[0m[0m
[0m[1mibm_compute_vm_instance.icp-master: Still creating... (6m30s elapsed)[0m[0m
[0m[1mibm_compute_vm_instance.icp-mgmt: Still creating... (6m40s elapsed)[0m[0m
[0m[1mibm_compute_vm_instance.icp-master: Still creating... (6m40s elapsed)[0m[0m
[0m[1mibm_compute_vm_instance.icp-master: Creation complete after 6m45s (ID: 54477665)[0m[0m
[0m[1mmodule.icpprovision.null_resource.icp-cluster[4]: Creating...[0m[0m
[0m[1mmodule.icpprovision.null_resource.icp-cluster[2]: Creating...[0m[0m
[0m[1mmodule.icpprovision.null_resource.icp-cluster[0]: Creating...[0m[0m
[0m[1mmodule.icpprovision.null_resource.icp-cluster[1]: Creating...[0m[0m
[0m[1mmodule.icpprovision.null_resource.icp-cluster[5]: Creating...[0m[0m
[0m[1mmodule.icpprovision.null_resource.icp-cluster[3]: Creating...[0m[0m
[0m[1mmodule.icpprovision.null_resource.icp-cluster[4]: Provisioning with 'remote-exec'...[0m[0m
[0m[1mmodule.icpprovision.null_resource.icp-cluster[5]: Provisioning with 'remote-exec'...[0m[0m
[0m[1mmodule.icpprovision.null_resource.icp-cluster[0]: Provisioning with 'remote-exec'...[0m[0m
[0m[1mmodule.icpprovision.null_resource.icp-cluster[2]: Provisioning with 'remote-exec'...[0m[0m
[0m[1mmodule.icpprovision.null_resource.icp-cluster[3]: Provisioning with 'remote-exec'...[0m[0m
[0m[1mmodule.icpprovision.null_resource.icp-cluster[1]: Provisioning with 'remote-exec'...[0m[0m
[0m[0mmodule.icpprovision.null_resource.icp-cluster[2] (remote-exec): Connecting to remote host via SSH...
module.icpprovision.null_resource.icp-cluster[2] (remote-exec):   Host: 50.22.210.221
module.icpprovision.null_resource.icp-cluster[2] (remote-exec):   User: root
module.icpprovision.null_resource.icp-cluster[2] (remote-exec):   Password: false
module.icpprovision.null_resource.icp-cluster[2] (remote-exec):   Private key: true
module.icpprovision.null_resource.icp-cluster[2] (remote-exec):   SSH Agent: true
module.icpprovision.null_resource.icp-cluster[2] (remote-exec):   Checking Host Key: false
[0m[0mmodule.icpprovision.null_resource.icp-cluster[4] (remote-exec): Connecting to remote host via SSH...
module.icpprovision.null_resource.icp-cluster[4] (remote-exec):   Host: 169.54.57.222
module.icpprovision.null_resource.icp-cluster[4] (remote-exec):   User: root
module.icpprovision.null_resource.icp-cluster[4] (remote-exec):   Password: false
module.icpprovision.null_resource.icp-cluster[4] (remote-exec):   Private key: true
module.icpprovision.null_resource.icp-cluster[4] (remote-exec):   SSH Agent: true
module.icpprovision.null_resource.icp-cluster[4] (remote-exec):   Checking Host Key: false
[0m[0mmodule.icpprovision.null_resource.icp-cluster[3] (remote-exec): Connecting to remote host via SSH...
module.icpprovision.null_resource.icp-cluster[3] (remote-exec):   Host: 50.22.210.194
module.icpprovision.null_resource.icp-cluster[3] (remote-exec):   User: root
module.icpprovision.null_resource.icp-cluster[3] (remote-exec):   Password: false
module.icpprovision.null_resource.icp-cluster[3] (remote-exec):   Private key: true
module.icpprovision.null_resource.icp-cluster[3] (remote-exec):   SSH Agent: true
module.icpprovision.null_resource.icp-cluster[3] (remote-exec):   Checking Host Key: false
[0m[0mmodule.icpprovision.null_resource.icp-cluster[5] (remote-exec): Connecting to remote host via SSH...
module.icpprovision.null_resource.icp-cluster[5] (remote-exec):   Host: 108.168.180.77
module.icpprovision.null_resource.icp-cluster[5] (remote-exec):   User: root
module.icpprovision.null_resource.icp-cluster[5] (remote-exec):   Password: false
module.icpprovision.null_resource.icp-cluster[5] (remote-exec):   Private key: true
module.icpprovision.null_resource.icp-cluster[5] (remote-exec):   SSH Agent: true
module.icpprovision.null_resource.icp-cluster[5] (remote-exec):   Checking Host Key: false
[0m[0mmodule.icpprovision.null_resource.icp-cluster[0] (remote-exec): Connecting to remote host via SSH...
module.icpprovision.null_resource.icp-cluster[0] (remote-exec):   Host: 169.54.57.222
module.icpprovision.null_resource.icp-cluster[0] (remote-exec):   User: root
module.icpprovision.null_resource.icp-cluster[0] (remote-exec):   Password: false
module.icpprovision.null_resource.icp-cluster[0] (remote-exec):   Private key: true
module.icpprovision.null_resource.icp-cluster[0] (remote-exec):   SSH Agent: true
module.icpprovision.null_resource.icp-cluster[0] (remote-exec):   Checking Host Key: false
[0m[0mmodule.icpprovision.null_resource.icp-cluster[1] (remote-exec): Connecting to remote host via SSH...
module.icpprovision.null_resource.icp-cluster[1] (remote-exec):   Host: 108.168.180.77
module.icpprovision.null_resource.icp-cluster[1] (remote-exec):   User: root
module.icpprovision.null_resource.icp-cluster[1] (remote-exec):   Password: false
module.icpprovision.null_resource.icp-cluster[1] (remote-exec):   Private key: true
module.icpprovision.null_resource.icp-cluster[1] (remote-exec):   SSH Agent: true
module.icpprovision.null_resource.icp-cluster[1] (remote-exec):   Checking Host Key: false
[0m[0mmodule.icpprovision.null_resource.icp-cluster[5] (remote-exec): Connected!
[0m[0mmodule.icpprovision.null_resource.icp-cluster[1] (remote-exec): Connected!
[0m[0mmodule.icpprovision.null_resource.icp-cluster[3] (remote-exec): Connected!
[0m[0mmodule.icpprovision.null_resource.icp-cluster[2] (remote-exec): Connected!
[0m[0mmodule.icpprovision.null_resource.icp-cluster[0] (remote-exec): Connected!
[0m[0mmodule.icpprovision.null_resource.icp-cluster[4] (remote-exec): Connected!
[0m[0mmodule.icpprovision.null_resource.icp-cluster[5] (remote-exec): This will fail unless we have passwordless sudo access
[0m[0mmodule.icpprovision.null_resource.icp-cluster[1] (remote-exec): This will fail unless we have passwordless sudo access
[0m[0mmodule.icpprovision.null_resource.icp-cluster[3] (remote-exec): This will fail unless we have passwordless sudo access
[0m[0mmodule.icpprovision.null_resource.icp-cluster[2] (remote-exec): This will fail unless we have passwordless sudo access
[0m[1mmodule.icpprovision.null_resource.icp-cluster[1]: Provisioning with 'file'...[0m[0m
[0m[1mmodule.icpprovision.null_resource.icp-cluster[5]: Provisioning with 'file'...[0m[0m
[0m[1mmodule.icpprovision.null_resource.icp-cluster[3]: Provisioning with 'file'...[0m[0m
[0m[1mmodule.icpprovision.null_resource.icp-cluster[2]: Provisioning with 'file'...[0m[0m
[0m[0mmodule.icpprovision.null_resource.icp-cluster[0] (remote-exec): This will fail unless we have passwordless sudo access
[0m[0mmodule.icpprovision.null_resource.icp-cluster[4] (remote-exec): This will fail unless we have passwordless sudo access
[0m[1mmodule.icpprovision.null_resource.icp-cluster[0]: Provisioning with 'file'...[0m[0m
[0m[1mmodule.icpprovision.null_resource.icp-cluster[4]: Provisioning with 'file'...[0m[0m
[0m[1mmodule.icpprovision.null_resource.icp-cluster[1]: Provisioning with 'remote-exec'...[0m[0m
[0m[0mmodule.icpprovision.null_resource.icp-cluster[1] (remote-exec): Connecting to remote host via SSH...
module.icpprovision.null_resource.icp-cluster[1] (remote-exec):   Host: 108.168.180.77
module.icpprovision.null_resource.icp-cluster[1] (remote-exec):   User: root
module.icpprovision.null_resource.icp-cluster[1] (remote-exec):   Password: false
module.icpprovision.null_resource.icp-cluster[1] (remote-exec):   Private key: true
module.icpprovision.null_resource.icp-cluster[1] (remote-exec):   SSH Agent: true
module.icpprovision.null_resource.icp-cluster[1] (remote-exec):   Checking Host Key: false
[0m[1mmodule.icpprovision.null_resource.icp-cluster[3]: Provisioning with 'remote-exec'...[0m[0m
[0m[1mmodule.icpprovision.null_resource.icp-cluster[5]: Provisioning with 'remote-exec'...[0m[0m
[0m[0mmodule.icpprovision.null_resource.icp-cluster[3] (remote-exec): Connecting to remote host via SSH...
module.icpprovision.null_resource.icp-cluster[3] (remote-exec):   Host: 50.22.210.194
module.icpprovision.null_resource.icp-cluster[3] (remote-exec):   User: root
module.icpprovision.null_resource.icp-cluster[3] (remote-exec):   Password: false
module.icpprovision.null_resource.icp-cluster[3] (remote-exec):   Private key: true
module.icpprovision.null_resource.icp-cluster[3] (remote-exec):   SSH Agent: true
module.icpprovision.null_resource.icp-cluster[3] (remote-exec):   Checking Host Key: false
[0m[0mmodule.icpprovision.null_resource.icp-cluster[5] (remote-exec): Connecting to remote host via SSH...
module.icpprovision.null_resource.icp-cluster[5] (remote-exec):   Host: 108.168.180.77
module.icpprovision.null_resource.icp-cluster[5] (remote-exec):   User: root
module.icpprovision.null_resource.icp-cluster[5] (remote-exec):   Password: false
module.icpprovision.null_resource.icp-cluster[5] (remote-exec):   Private key: true
module.icpprovision.null_resource.icp-cluster[5] (remote-exec):   SSH Agent: true
module.icpprovision.null_resource.icp-cluster[5] (remote-exec):   Checking Host Key: false
[0m[1mmodule.icpprovision.null_resource.icp-cluster[2]: Provisioning with 'remote-exec'...[0m[0m
[0m[0mmodule.icpprovision.null_resource.icp-cluster[2] (remote-exec): Connecting to remote host via SSH...
module.icpprovision.null_resource.icp-cluster[2] (remote-exec):   Host: 50.22.210.221
module.icpprovision.null_resource.icp-cluster[2] (remote-exec):   User: root
module.icpprovision.null_resource.icp-cluster[2] (remote-exec):   Password: false
module.icpprovision.null_resource.icp-cluster[2] (remote-exec):   Private key: true
module.icpprovision.null_resource.icp-cluster[2] (remote-exec):   SSH Agent: true
module.icpprovision.null_resource.icp-cluster[2] (remote-exec):   Checking Host Key: false
[0m[1mmodule.icpprovision.null_resource.icp-cluster[4]: Provisioning with 'remote-exec'...[0m[0m
[0m[1mmodule.icpprovision.null_resource.icp-cluster[0]: Provisioning with 'remote-exec'...[0m[0m
[0m[0mmodule.icpprovision.null_resource.icp-cluster[4] (remote-exec): Connecting to remote host via SSH...
module.icpprovision.null_resource.icp-cluster[4] (remote-exec):   Host: 169.54.57.222
module.icpprovision.null_resource.icp-cluster[4] (remote-exec):   User: root
module.icpprovision.null_resource.icp-cluster[4] (remote-exec):   Password: false
module.icpprovision.null_resource.icp-cluster[4] (remote-exec):   Private key: true
module.icpprovision.null_resource.icp-cluster[4] (remote-exec):   SSH Agent: true
module.icpprovision.null_resource.icp-cluster[4] (remote-exec):   Checking Host Key: false
[0m[0mmodule.icpprovision.null_resource.icp-cluster[0] (remote-exec): Connecting to remote host via SSH...
module.icpprovision.null_resource.icp-cluster[0] (remote-exec):   Host: 169.54.57.222
module.icpprovision.null_resource.icp-cluster[0] (remote-exec):   User: root
module.icpprovision.null_resource.icp-cluster[0] (remote-exec):   Password: false
module.icpprovision.null_resource.icp-cluster[0] (remote-exec):   Private key: true
module.icpprovision.null_resource.icp-cluster[0] (remote-exec):   SSH Agent: true
module.icpprovision.null_resource.icp-cluster[0] (remote-exec):   Checking Host Key: false
[0m[0mmodule.icpprovision.null_resource.icp-cluster[1] (remote-exec): Connected!
[0m[0mmodule.icpprovision.null_resource.icp-cluster[5] (remote-exec): Connected!
[0m[0mmodule.icpprovision.null_resource.icp-cluster[3] (remote-exec): Connected!
[0m[0mmodule.icpprovision.null_resource.icp-cluster[2] (remote-exec): Connected!
[0m[1mmodule.icpprovision.null_resource.icp-cluster[1]: Provisioning with 'file'...[0m[0m
[0m[0mmodule.icpprovision.null_resource.icp-cluster[0] (remote-exec): Connected!
[0m[1mmodule.icpprovision.null_resource.icp-cluster[5]: Provisioning with 'file'...[0m[0m
[0m[0mmodule.icpprovision.null_resource.icp-cluster[4] (remote-exec): Connected!
[0m[1mmodule.icpprovision.null_resource.icp-cluster[3]: Provisioning with 'file'...[0m[0m
[0m[1mmodule.icpprovision.null_resource.icp-cluster[2]: Provisioning with 'file'...[0m[0m
[0m[1mmodule.icpprovision.null_resource.icp-cluster[0]: Provisioning with 'file'...[0m[0m
[0m[1mmodule.icpprovision.null_resource.icp-cluster[4]: Provisioning with 'file'...[0m[0m
[0m[1mmodule.icpprovision.null_resource.icp-cluster[1]: Provisioning with 'remote-exec'...[0m[0m
[0m[0mmodule.icpprovision.null_resource.icp-cluster[1] (remote-exec): Connecting to remote host via SSH...
module.icpprovision.null_resource.icp-cluster[1] (remote-exec):   Host: 108.168.180.77
module.icpprovision.null_resource.icp-cluster[1] (remote-exec):   User: root
module.icpprovision.null_resource.icp-cluster[1] (remote-exec):   Password: false
module.icpprovision.null_resource.icp-cluster[1] (remote-exec):   Private key: true
module.icpprovision.null_resource.icp-cluster[1] (remote-exec):   SSH Agent: true
module.icpprovision.null_resource.icp-cluster[1] (remote-exec):   Checking Host Key: false
[0m[1mmodule.icpprovision.null_resource.icp-cluster[5]: Provisioning with 'remote-exec'...[0m[0m
[0m[0mmodule.icpprovision.null_resource.icp-cluster[5] (remote-exec): Connecting to remote host via SSH...
module.icpprovision.null_resource.icp-cluster[5] (remote-exec):   Host: 108.168.180.77
module.icpprovision.null_resource.icp-cluster[5] (remote-exec):   User: root
module.icpprovision.null_resource.icp-cluster[5] (remote-exec):   Password: false
module.icpprovision.null_resource.icp-cluster[5] (remote-exec):   Private key: true
module.icpprovision.null_resource.icp-cluster[5] (remote-exec):   SSH Agent: true
module.icpprovision.null_resource.icp-cluster[5] (remote-exec):   Checking Host Key: false
[0m[1mmodule.icpprovision.null_resource.icp-cluster[3]: Provisioning with 'remote-exec'...[0m[0m
[0m[0mmodule.icpprovision.null_resource.icp-cluster[3] (remote-exec): Connecting to remote host via SSH...
module.icpprovision.null_resource.icp-cluster[3] (remote-exec):   Host: 50.22.210.194
module.icpprovision.null_resource.icp-cluster[3] (remote-exec):   User: root
module.icpprovision.null_resource.icp-cluster[3] (remote-exec):   Password: false
module.icpprovision.null_resource.icp-cluster[3] (remote-exec):   Private key: true
module.icpprovision.null_resource.icp-cluster[3] (remote-exec):   SSH Agent: true
module.icpprovision.null_resource.icp-cluster[3] (remote-exec):   Checking Host Key: false
[0m[1mmodule.icpprovision.null_resource.icp-cluster[2]: Provisioning with 'remote-exec'...[0m[0m
[0m[0mmodule.icpprovision.null_resource.icp-cluster[2] (remote-exec): Connecting to remote host via SSH...
module.icpprovision.null_resource.icp-cluster[2] (remote-exec):   Host: 50.22.210.221
module.icpprovision.null_resource.icp-cluster[2] (remote-exec):   User: root
module.icpprovision.null_resource.icp-cluster[2] (remote-exec):   Password: false
module.icpprovision.null_resource.icp-cluster[2] (remote-exec):   Private key: true
module.icpprovision.null_resource.icp-cluster[2] (remote-exec):   SSH Agent: true
module.icpprovision.null_resource.icp-cluster[2] (remote-exec):   Checking Host Key: false
[0m[0mmodule.icpprovision.null_resource.icp-cluster[1] (remote-exec): Connected!
[0m[0mmodule.icpprovision.null_resource.icp-cluster[5] (remote-exec): Connected!
[0m[1mmodule.icpprovision.null_resource.icp-cluster[4]: Provisioning with 'remote-exec'...[0m[0m
[0m[0mmodule.icpprovision.null_resource.icp-cluster[4] (remote-exec): Connecting to remote host via SSH...
module.icpprovision.null_resource.icp-cluster[4] (remote-exec):   Host: 169.54.57.222
module.icpprovision.null_resource.icp-cluster[4] (remote-exec):   User: root
module.icpprovision.null_resource.icp-cluster[4] (remote-exec):   Password: false
module.icpprovision.null_resource.icp-cluster[4] (remote-exec):   Private key: true
module.icpprovision.null_resource.icp-cluster[4] (remote-exec):   SSH Agent: true
module.icpprovision.null_resource.icp-cluster[4] (remote-exec):   Checking Host Key: false
[0m[1mmodule.icpprovision.null_resource.icp-cluster[0]: Provisioning with 'remote-exec'...[0m[0m
[0m[0mmodule.icpprovision.null_resource.icp-cluster[0] (remote-exec): Connecting to remote host via SSH...
module.icpprovision.null_resource.icp-cluster[0] (remote-exec):   Host: 169.54.57.222
module.icpprovision.null_resource.icp-cluster[0] (remote-exec):   User: root
module.icpprovision.null_resource.icp-cluster[0] (remote-exec):   Password: false
module.icpprovision.null_resource.icp-cluster[0] (remote-exec):   Private key: true
module.icpprovision.null_resource.icp-cluster[0] (remote-exec):   SSH Agent: true
module.icpprovision.null_resource.icp-cluster[0] (remote-exec):   Checking Host Key: false
[0m[0mmodule.icpprovision.null_resource.icp-cluster[3] (remote-exec): Connected!
[0m[0mmodule.icpprovision.null_resource.icp-cluster[2] (remote-exec): Connected!
[0m[0mmodule.icpprovision.null_resource.icp-cluster[0] (remote-exec): Connected!
[0m[0mmodule.icpprovision.null_resource.icp-cluster[4] (remote-exec): Connected!
[0m[1mibm_compute_vm_instance.icp-mgmt: Still creating... (6m50s elapsed)[0m[0m
[0m[1mmodule.icpprovision.null_resource.icp-cluster.4: Still creating... (10s elapsed)[0m[0m
[0m[1mmodule.icpprovision.null_resource.icp-cluster.2: Still creating... (10s elapsed)[0m[0m
[0m[1mmodule.icpprovision.null_resource.icp-cluster.0: Still creating... (10s elapsed)[0m[0m
[0m[1mmodule.icpprovision.null_resource.icp-cluster.1: Still creating... (10s elapsed)[0m[0m
[0m[1mmodule.icpprovision.null_resource.icp-cluster.3: Still creating... (10s elapsed)[0m[0m
[0m[1mmodule.icpprovision.null_resource.icp-cluster.5: Still creating... (10s elapsed)[0m[0m
[0m[1mibm_compute_vm_instance.icp-mgmt: Still creating... (7m0s elapsed)[0m[0m
[0m[1mmodule.icpprovision.null_resource.icp-cluster.2: Still creating... (20s elapsed)[0m[0m
[0m[1mmodule.icpprovision.null_resource.icp-cluster.1: Still creating... (20s elapsed)[0m[0m
[0m[1mmodule.icpprovision.null_resource.icp-cluster.3: Still creating... (20s elapsed)[0m[0m
[0m[1mmodule.icpprovision.null_resource.icp-cluster.5: Still creating... (20s elapsed)[0m[0m
[0m[1mmodule.icpprovision.null_resource.icp-cluster.0: Still creating... (20s elapsed)[0m[0m
[0m[1mmodule.icpprovision.null_resource.icp-cluster.4: Still creating... (20s elapsed)[0m[0m
[0m[1mibm_compute_vm_instance.icp-mgmt: Still creating... (7m10s elapsed)[0m[0m
[0m[1mmodule.icpprovision.null_resource.icp-cluster.4: Still creating... (30s elapsed)[0m[0m
[0m[1mmodule.icpprovision.null_resource.icp-cluster.1: Still creating... (30s elapsed)[0m[0m
[0m[1mmodule.icpprovision.null_resource.icp-cluster.5: Still creating... (30s elapsed)[0m[0m
[0m[1mmodule.icpprovision.null_resource.icp-cluster.0: Still creating... (30s elapsed)[0m[0m
[0m[1mmodule.icpprovision.null_resource.icp-cluster.3: Still creating... (30s elapsed)[0m[0m
[0m[1mmodule.icpprovision.null_resource.icp-cluster.2: Still creating... (30s elapsed)[0m[0m
[0m[1mibm_compute_vm_instance.icp-mgmt: Still creating... (7m20s elapsed)[0m[0m
[0m[1mmodule.icpprovision.null_resource.icp-cluster.2: Still creating... (40s elapsed)[0m[0m
[0m[1mmodule.icpprovision.null_resource.icp-cluster.4: Still creating... (40s elapsed)[0m[0m
[0m[1mmodule.icpprovision.null_resource.icp-cluster.5: Still creating... (40s elapsed)[0m[0m
[0m[1mmodule.icpprovision.null_resource.icp-cluster.1: Still creating... (40s elapsed)[0m[0m
[0m[1mmodule.icpprovision.null_resource.icp-cluster.3: Still creating... (40s elapsed)[0m[0m
[0m[1mmodule.icpprovision.null_resource.icp-cluster.0: Still creating... (40s elapsed)[0m[0m
[0m[1mibm_compute_vm_instance.icp-mgmt: Still creating... (7m30s elapsed)[0m[0m
[0m[1mmodule.icpprovision.null_resource.icp-cluster.5: Still creating... (50s elapsed)[0m[0m
[0m[1mmodule.icpprovision.null_resource.icp-cluster.2: Still creating... (50s elapsed)[0m[0m
[0m[1mmodule.icpprovision.null_resource.icp-cluster.0: Still creating... (50s elapsed)[0m[0m
[0m[1mmodule.icpprovision.null_resource.icp-cluster.1: Still creating... (50s elapsed)[0m[0m
[0m[1mmodule.icpprovision.null_resource.icp-cluster.3: Still creating... (50s elapsed)[0m[0m
[0m[1mmodule.icpprovision.null_resource.icp-cluster.4: Still creating... (50s elapsed)[0m[0m
[0m[1mibm_compute_vm_instance.icp-mgmt: Still creating... (7m40s elapsed)[0m[0m
[0m[1mmodule.icpprovision.null_resource.icp-cluster.2: Still creating... (1m0s elapsed)[0m[0m
[0m[1mmodule.icpprovision.null_resource.icp-cluster.1: Still creating... (1m0s elapsed)[0m[0m
[0m[1mmodule.icpprovision.null_resource.icp-cluster.4: Still creating... (1m0s elapsed)[0m[0m
[0m[1mmodule.icpprovision.null_resource.icp-cluster.0: Still creating... (1m0s elapsed)[0m[0m
[0m[1mmodule.icpprovision.null_resource.icp-cluster.3: Still creating... (1m0s elapsed)[0m[0m
[0m[1mmodule.icpprovision.null_resource.icp-cluster.5: Still creating... (1m0s elapsed)[0m[0m
[0m[1mibm_compute_vm_instance.icp-mgmt: Creation complete after 7m50s (ID: 54477669)[0m[0m
[0m[1mmodule.icpprovision.null_resource.icp-cluster.2: Still creating... (1m10s elapsed)[0m[0m
[0m[1mmodule.icpprovision.null_resource.icp-cluster.3: Still creating... (1m10s elapsed)[0m[0m
[0m[1mmodule.icpprovision.null_resource.icp-cluster.1: Still creating... (1m10s elapsed)[0m[0m
[0m[1mmodule.icpprovision.null_resource.icp-cluster.0: Still creating... (1m10s elapsed)[0m[0m
[0m[1mmodule.icpprovision.null_resource.icp-cluster.4: Still creating... (1m10s elapsed)[0m[0m
[0m[1mmodule.icpprovision.null_resource.icp-cluster.5: Still creating... (1m10s elapsed)[0m[0m
[0m[1mmodule.icpprovision.null_resource.icp-cluster.4: Still creating... (1m20s elapsed)[0m[0m
[0m[1mmodule.icpprovision.null_resource.icp-cluster.3: Still creating... (1m20s elapsed)[0m[0m
[0m[1mmodule.icpprovision.null_resource.icp-cluster.2: Still creating... (1m20s elapsed)[0m[0m
[0m[1mmodule.icpprovision.null_resource.icp-cluster.5: Still creating... (1m20s elapsed)[0m[0m
[0m[1mmodule.icpprovision.null_resource.icp-cluster.0: Still creating... (1m20s elapsed)[0m[0m
[0m[1mmodule.icpprovision.null_resource.icp-cluster.1: Still creating... (1m20s elapsed)[0m[0m
[0m[1mmodule.icpprovision.null_resource.icp-cluster[3]: Creation complete after 1m29s (ID: 5717314600410350129)[0m[0m
[0m[1mmodule.icpprovision.null_resource.icp-cluster.1: Still creating... (1m30s elapsed)[0m[0m
[0m[1mmodule.icpprovision.null_resource.icp-cluster.0: Still creating... (1m30s elapsed)[0m[0m
[0m[1mmodule.icpprovision.null_resource.icp-cluster.5: Still creating... (1m30s elapsed)[0m[0m
[0m[1mmodule.icpprovision.null_resource.icp-cluster.2: Still creating... (1m30s elapsed)[0m[0m
[0m[1mmodule.icpprovision.null_resource.icp-cluster.4: Still creating... (1m30s elapsed)[0m[0m
[0m[1mmodule.icpprovision.null_resource.icp-cluster[1]: Creation complete after 1m33s (ID: 6966390876287860217)[0m[0m
[0m[1mmodule.icpprovision.null_resource.icp-cluster.5: Still creating... (1m40s elapsed)[0m[0m
[0m[1mmodule.icpprovision.null_resource.icp-cluster.0: Still creating... (1m40s elapsed)[0m[0m
[0m[1mmodule.icpprovision.null_resource.icp-cluster.4: Still creating... (1m40s elapsed)[0m[0m
[0m[1mmodule.icpprovision.null_resource.icp-cluster.2: Still creating... (1m40s elapsed)[0m[0m
[0m[1mmodule.icpprovision.null_resource.icp-cluster[5]: Creation complete after 1m41s (ID: 4183527515557398791)[0m[0m
[0m[1mmodule.icpprovision.null_resource.icp-cluster.2: Still creating... (1m50s elapsed)[0m[0m
[0m[1mmodule.icpprovision.null_resource.icp-cluster.0: Still creating... (1m50s elapsed)[0m[0m
[0m[1mmodule.icpprovision.null_resource.icp-cluster.4: Still creating... (1m50s elapsed)[0m[0m
[0m[1mmodule.icpprovision.null_resource.icp-cluster[4]: Creation complete after 1m53s (ID: 8338270426363004473)[0m[0m
[0m[1mmodule.icpprovision.null_resource.icp-cluster.0: Still creating... (2m0s elapsed)[0m[0m
[0m[1mmodule.icpprovision.null_resource.icp-cluster.2: Still creating... (2m0s elapsed)[0m[0m
[0m[1mmodule.icpprovision.null_resource.icp-cluster.2: Still creating... (2m10s elapsed)[0m[0m
[0m[1mmodule.icpprovision.null_resource.icp-cluster.0: Still creating... (2m10s elapsed)[0m[0m
[0m[1mmodule.icpprovision.null_resource.icp-cluster.0: Still creating... (2m20s elapsed)[0m[0m
[0m[1mmodule.icpprovision.null_resource.icp-cluster.2: Still creating... (2m20s elapsed)[0m[0m
[0m[1mmodule.icpprovision.null_resource.icp-cluster[0]: Creation complete after 2m28s (ID: 8348265900808638607)[0m[0m
[0m[1mmodule.icpprovision.null_resource.icp-cluster.2: Still creating... (2m30s elapsed)[0m[0m
[0m[1mmodule.icpprovision.null_resource.icp-cluster.2: Still creating... (2m40s elapsed)[0m[0m
[0m[1mmodule.icpprovision.null_resource.icp-cluster[2]: Creation complete after 2m45s (ID: 712262363654751994)[0m[0m
[0m[1mmodule.icpprovision.null_resource.icp-boot: Creating...[0m[0m
[0m[1mmodule.icpprovision.null_resource.icp-boot: Provisioning with 'file'...[0m[0m
[0m[1mmodule.icpprovision.null_resource.icp-boot: Provisioning with 'remote-exec'...[0m[0m
[0m[0mmodule.icpprovision.null_resource.icp-boot (remote-exec): Connecting to remote host via SSH...
module.icpprovision.null_resource.icp-boot (remote-exec):   Host: 169.54.57.222
module.icpprovision.null_resource.icp-boot (remote-exec):   User: root
module.icpprovision.null_resource.icp-boot (remote-exec):   Password: false
module.icpprovision.null_resource.icp-boot (remote-exec):   Private key: true
module.icpprovision.null_resource.icp-boot (remote-exec):   SSH Agent: true
module.icpprovision.null_resource.icp-boot (remote-exec):   Checking Host Key: false
[0m[0mmodule.icpprovision.null_resource.icp-boot (remote-exec): Connected!
[0m[1mmodule.icpprovision.null_resource.icp-boot: Provisioning with 'file'...[0m[0m
[0m[1mmodule.icpprovision.null_resource.icp-boot: Provisioning with 'file'...[0m[0m
[0m[1mmodule.icpprovision.null_resource.icp-boot: Provisioning with 'file'...[0m[0m
[0m[1mmodule.icpprovision.null_resource.icp-boot: Provisioning with 'remote-exec'...[0m[0m
[0m[0mmodule.icpprovision.null_resource.icp-boot (remote-exec): Connecting to remote host via SSH...
module.icpprovision.null_resource.icp-boot (remote-exec):   Host: 169.54.57.222
module.icpprovision.null_resource.icp-boot (remote-exec):   User: root
module.icpprovision.null_resource.icp-boot (remote-exec):   Password: false
module.icpprovision.null_resource.icp-boot (remote-exec):   Private key: true
module.icpprovision.null_resource.icp-boot (remote-exec):   SSH Agent: true
module.icpprovision.null_resource.icp-boot (remote-exec):   Checking Host Key: false
[0m[0mmodule.icpprovision.null_resource.icp-boot (remote-exec): Connected!
[0m[0mmodule.icpprovision.null_resource.icp-boot (remote-exec): chown: cannot access ‘/opt/ibm/cluster/*’: No such file or directory
[0m[0mmodule.icpprovision.null_resource.icp-boot (remote-exec): chmod: cannot access ‘/opt/ibm/cluster/ssh_key’: No such file or directory
[0m[0mmodule.icpprovision.null_resource.icp-boot (remote-exec): Requirement already satisfied: pyyaml in /usr/lib64/python2.7/site-packages (3.12)
[0m[0mmodule.icpprovision.null_resource.icp-boot (remote-exec): Traceback (most recent call last):
[0m[0mmodule.icpprovision.null_resource.icp-boot (remote-exec):   File "/tmp/icp-bootmaster-scripts/load-config.py", line 25, in <module>
[0m[0mmodule.icpprovision.null_resource.icp-boot (remote-exec):     with open(co, 'r') as stream:
[0m[0mmodule.icpprovision.null_resource.icp-boot (remote-exec): IOError: [Errno 2] No such file or directory: '/opt/ibm/cluster/config.yaml'
[31m
[1m[31mError: [0m[0m[1mError applying plan:

1 error(s) occurred:

* module.icpprovision.null_resource.icp-boot: Remote command exited with error: Process exited with status 1

Terraform does not automatically rollback in the face of errors.
Instead, your Terraform state file has been partially updated with
any resources that successfully completed. Please address the error
above and apply again to incrementally change your infrastructure.[0m

[0m[0m[0m
