[0m[1mibm_compute_vm_instance.icp-mgmt: Refreshing state... (ID: 54421163)[0m
[0m[1mibm_compute_vm_instance.icp-master: Refreshing state... (ID: 54421141)[0m
[0m[1mibm_compute_vm_instance.icp-boot: Refreshing state... (ID: 54421139)[0m
[0m[1mibm_compute_vm_instance.icp-worker[2]: Refreshing state... (ID: 54421143)[0m
[0m[1mibm_compute_vm_instance.icp-worker[0]: Refreshing state... (ID: 54421155)[0m
[0m[1mibm_compute_vm_instance.icp-worker[1]: Refreshing state... (ID: 54421153)[0m
[0m[1mibm_compute_vm_instance.icp-proxy: Refreshing state... (ID: 54421149)[0m
[0m[1mdata.ibm_compute_ssh_key.public_key: Refreshing state...[0m

An execution plan has been generated and is shown below.
Resource actions are indicated with the following symbols:
  [31m-[0m destroy
[0m
Terraform will perform the following actions:

[31m  [31m-[0m [31mibm_compute_vm_instance.icp-boot
[0m[0m
[0m[31m  [31m-[0m [31mibm_compute_vm_instance.icp-master
[0m[0m
[0m[31m  [31m-[0m [31mibm_compute_vm_instance.icp-mgmt
[0m[0m
[0m[31m  [31m-[0m [31mibm_compute_vm_instance.icp-proxy
[0m[0m
[0m[31m  [31m-[0m [31mibm_compute_vm_instance.icp-worker[0]
[0m[0m
[0m[31m  [31m-[0m [31mibm_compute_vm_instance.icp-worker[1]
[0m[0m
[0m[31m  [31m-[0m [31mibm_compute_vm_instance.icp-worker[2]
[0m[0m
[0m
[0m[1mPlan:[0m 0 to add, 0 to change, 7 to destroy.[0m

[0m[1mDo you really want to destroy?[0m
  Terraform will destroy all your managed infrastructure, as shown above.
  There is no undo. Only 'yes' will be accepted to confirm.

  [1mEnter a value:[0m [0m
[0m[1mibm_compute_vm_instance.icp-worker[0]: Destroying... (ID: 54421155)[0m[0m
[0m[1mibm_compute_vm_instance.icp-master: Destroying... (ID: 54421141)[0m[0m
[0m[1mibm_compute_vm_instance.icp-worker[2]: Destroying... (ID: 54421143)[0m[0m
[0m[1mibm_compute_vm_instance.icp-boot: Destroying... (ID: 54421139)[0m[0m
[0m[1mibm_compute_vm_instance.icp-mgmt: Destroying... (ID: 54421163)[0m[0m
[0m[1mibm_compute_vm_instance.icp-proxy: Destroying... (ID: 54421149)[0m[0m
[0m[1mibm_compute_vm_instance.icp-worker[1]: Destroying... (ID: 54421153)[0m[0m
[0m[1mibm_compute_vm_instance.icp-mgmt: Still destroying... (ID: 54421163, 10s elapsed)[0m[0m
[0m[1mibm_compute_vm_instance.icp-proxy: Still destroying... (ID: 54421149, 10s elapsed)[0m[0m
[0m[1mibm_compute_vm_instance.icp-worker.2: Still destroying... (ID: 54421143, 10s elapsed)[0m[0m
[0m[1mibm_compute_vm_instance.icp-boot: Still destroying... (ID: 54421139, 10s elapsed)[0m[0m
[0m[1mibm_compute_vm_instance.icp-master: Still destroying... (ID: 54421141, 10s elapsed)[0m[0m
[0m[1mibm_compute_vm_instance.icp-worker.0: Still destroying... (ID: 54421155, 10s elapsed)[0m[0m
[0m[1mibm_compute_vm_instance.icp-worker.1: Still destroying... (ID: 54421153, 10s elapsed)[0m[0m
[0m[1mibm_compute_vm_instance.icp-mgmt: Destruction complete after 12s[0m[0m
[0m[1mibm_compute_vm_instance.icp-worker[1]: Destruction complete after 12s[0m[0m
[0m[1mibm_compute_vm_instance.icp-proxy: Destruction complete after 13s[0m[0m
[0m[1mibm_compute_vm_instance.icp-master: Destruction complete after 13s[0m[0m
[0m[1mibm_compute_vm_instance.icp-boot: Destruction complete after 13s[0m[0m
[0m[1mibm_compute_vm_instance.icp-worker[2]: Destruction complete after 13s[0m[0m
[0m[1mibm_compute_vm_instance.icp-worker[0]: Destruction complete after 13s[0m[0m
[0m[1m[32m
Destroy complete! Resources: 7 destroyed.[0m
