[0m[1mdata.ibm_compute_ssh_key.public_key: Refreshing state...[0m

An execution plan has been generated and is shown below.
Resource actions are indicated with the following symbols:
  [32m+[0m create
[0m
Terraform will perform the following actions:

[32m  [32m+[0m [32mibm_compute_vm_instance.icp-boot
[0m      id:                           <computed>
      block_storage_ids.#:          <computed>
      cores:                        "2"
      datacenter:                   "wdc01"
      disks.#:                      <computed>
      domain:                       "pvs01.local"
      file_storage_ids.#:           <computed>
      hostname:                     "pvs01-boot"
      hourly_billing:               "true"
      ip_address_id:                <computed>
      ip_address_id_private:        <computed>
      ipv4_address:                 <computed>
      ipv4_address_private:         <computed>
      ipv6_address:                 <computed>
      ipv6_address_id:              <computed>
      ipv6_enabled:                 "true"
      ipv6_static_enabled:          "false"
      local_disk:                   "false"
      memory:                       "8192"
      network_speed:                "1000"
      notes:                        "Boot machine for ICP deployment"
      os_reference_code:            "CENTOS_7_64"
      private_interface_id:         <computed>
      private_network_only:         "false"
      private_security_group_ids.#: <computed>
      private_subnet:               <computed>
      private_subnet_id:            <computed>
      private_vlan_id:              <computed>
      public_bandwidth_limited:     <computed>
      public_bandwidth_unlimited:   "false"
      public_interface_id:          <computed>
      public_ipv6_subnet:           <computed>
      public_ipv6_subnet_id:        <computed>
      public_security_group_ids.#:  <computed>
      public_subnet:                <computed>
      public_subnet_id:             <computed>
      public_vlan_id:               <computed>
      secondary_ip_addresses.#:     <computed>
      secondary_ip_count:           "4"
      tags.#:                       "2"
      tags.2844461138:              "pvs01"
      tags.3562493167:              "ICP-Boot"
      wait_time_minutes:            "90"
[0m
[0m[32m  [32m+[0m [32mibm_compute_vm_instance.icp-master
[0m      id:                           <computed>
      block_storage_ids.#:          <computed>
      cores:                        "4"
      datacenter:                   "wdc01"
      disks.#:                      <computed>
      domain:                       "pvs01.local"
      file_storage_ids.#:           <computed>
      hostname:                     "pvs01-master1"
      hourly_billing:               "true"
      ip_address_id:                <computed>
      ip_address_id_private:        <computed>
      ipv4_address:                 <computed>
      ipv4_address_private:         <computed>
      ipv6_address:                 <computed>
      ipv6_address_id:              <computed>
      ipv6_enabled:                 "true"
      ipv6_static_enabled:          "false"
      local_disk:                   "false"
      memory:                       "16384"
      network_speed:                "1000"
      notes:                        "Master node for ICP deployment"
      os_reference_code:            "CENTOS_7_64"
      private_interface_id:         <computed>
      private_network_only:         "false"
      private_security_group_ids.#: <computed>
      private_subnet:               <computed>
      private_subnet_id:            <computed>
      private_vlan_id:              <computed>
      public_bandwidth_limited:     <computed>
      public_bandwidth_unlimited:   "false"
      public_interface_id:          <computed>
      public_ipv6_subnet:           <computed>
      public_ipv6_subnet_id:        <computed>
      public_security_group_ids.#:  <computed>
      public_subnet:                <computed>
      public_subnet_id:             <computed>
      public_vlan_id:               <computed>
      secondary_ip_addresses.#:     <computed>
      secondary_ip_count:           "4"
      tags.#:                       "2"
      tags.101832455:               "ICP-Master"
      tags.2844461138:              "pvs01"
      wait_time_minutes:            "90"
[0m
[0m[32m  [32m+[0m [32mibm_compute_vm_instance.icp-mgmt
[0m      id:                           <computed>
      block_storage_ids.#:          <computed>
      cores:                        "4"
      datacenter:                   "wdc01"
      disks.#:                      <computed>
      domain:                       "pvs01.local"
      file_storage_ids.#:           <computed>
      hostname:                     "pvs01-mgmt1"
      hourly_billing:               "true"
      ip_address_id:                <computed>
      ip_address_id_private:        <computed>
      ipv4_address:                 <computed>
      ipv4_address_private:         <computed>
      ipv6_address:                 <computed>
      ipv6_address_id:              <computed>
      ipv6_enabled:                 "true"
      ipv6_static_enabled:          "false"
      local_disk:                   "false"
      memory:                       "16384"
      network_speed:                "1000"
      notes:                        "Management node for ICP deployment"
      os_reference_code:            "CENTOS_7_64"
      private_interface_id:         <computed>
      private_network_only:         "false"
      private_security_group_ids.#: <computed>
      private_subnet:               <computed>
      private_subnet_id:            <computed>
      private_vlan_id:              <computed>
      public_bandwidth_limited:     <computed>
      public_bandwidth_unlimited:   "false"
      public_interface_id:          <computed>
      public_ipv6_subnet:           <computed>
      public_ipv6_subnet_id:        <computed>
      public_security_group_ids.#:  <computed>
      public_subnet:                <computed>
      public_subnet_id:             <computed>
      public_vlan_id:               <computed>
      secondary_ip_addresses.#:     <computed>
      secondary_ip_count:           "4"
      tags.#:                       "2"
      tags.2844461138:              "pvs01"
      tags.3908692518:              "ICP-Management"
      wait_time_minutes:            "90"
[0m
[0m[32m  [32m+[0m [32mibm_compute_vm_instance.icp-proxy
[0m      id:                           <computed>
      block_storage_ids.#:          <computed>
      cores:                        "2"
      datacenter:                   "wdc01"
      disks.#:                      <computed>
      domain:                       "pvs01.local"
      file_storage_ids.#:           <computed>
      hostname:                     "pvs01-proxy1"
      hourly_billing:               "true"
      ip_address_id:                <computed>
      ip_address_id_private:        <computed>
      ipv4_address:                 <computed>
      ipv4_address_private:         <computed>
      ipv6_address:                 <computed>
      ipv6_address_id:              <computed>
      ipv6_enabled:                 "true"
      ipv6_static_enabled:          "false"
      local_disk:                   "true"
      memory:                       "8192"
      network_speed:                "1000"
      notes:                        "Proxy node for ICP deployment"
      os_reference_code:            "CENTOS_7_64"
      private_interface_id:         <computed>
      private_network_only:         "false"
      private_security_group_ids.#: <computed>
      private_subnet:               <computed>
      private_subnet_id:            <computed>
      private_vlan_id:              <computed>
      public_bandwidth_limited:     <computed>
      public_bandwidth_unlimited:   "false"
      public_interface_id:          <computed>
      public_ipv6_subnet:           <computed>
      public_ipv6_subnet_id:        <computed>
      public_security_group_ids.#:  <computed>
      public_subnet:                <computed>
      public_subnet_id:             <computed>
      public_vlan_id:               <computed>
      secondary_ip_addresses.#:     <computed>
      secondary_ip_count:           "4"
      tags.#:                       "2"
      tags.2844461138:              "pvs01"
      tags.3747383812:              "ICP-Proxy"
      wait_time_minutes:            "90"
[0m
[0m[32m  [32m+[0m [32mibm_compute_vm_instance.icp-worker[0]
[0m      id:                           <computed>
      block_storage_ids.#:          <computed>
      cores:                        "4"
      datacenter:                   "wdc01"
      disks.#:                      <computed>
      domain:                       "pvs01.local"
      file_storage_ids.#:           <computed>
      hostname:                     "pvs01-worker1"
      hourly_billing:               "true"
      ip_address_id:                <computed>
      ip_address_id_private:        <computed>
      ipv4_address:                 <computed>
      ipv4_address_private:         <computed>
      ipv6_address:                 <computed>
      ipv6_address_id:              <computed>
      ipv6_enabled:                 "true"
      ipv6_static_enabled:          "false"
      local_disk:                   "true"
      memory:                       "16384"
      network_speed:                "1000"
      notes:                        "Worker node for ICP deployment"
      os_reference_code:            "CENTOS_7_64"
      private_interface_id:         <computed>
      private_network_only:         "false"
      private_security_group_ids.#: <computed>
      private_subnet:               <computed>
      private_subnet_id:            <computed>
      private_vlan_id:              <computed>
      public_bandwidth_limited:     <computed>
      public_bandwidth_unlimited:   "false"
      public_interface_id:          <computed>
      public_ipv6_subnet:           <computed>
      public_ipv6_subnet_id:        <computed>
      public_security_group_ids.#:  <computed>
      public_subnet:                <computed>
      public_subnet_id:             <computed>
      public_vlan_id:               <computed>
      secondary_ip_addresses.#:     <computed>
      secondary_ip_count:           "4"
      tags.#:                       "2"
      tags.2844461138:              "pvs01"
      tags.3031092147:              "ICP-Worker"
      wait_time_minutes:            "90"
[0m
[0m[32m  [32m+[0m [32mibm_compute_vm_instance.icp-worker[1]
[0m      id:                           <computed>
      block_storage_ids.#:          <computed>
      cores:                        "4"
      datacenter:                   "wdc01"
      disks.#:                      <computed>
      domain:                       "pvs01.local"
      file_storage_ids.#:           <computed>
      hostname:                     "pvs01-worker2"
      hourly_billing:               "true"
      ip_address_id:                <computed>
      ip_address_id_private:        <computed>
      ipv4_address:                 <computed>
      ipv4_address_private:         <computed>
      ipv6_address:                 <computed>
      ipv6_address_id:              <computed>
      ipv6_enabled:                 "true"
      ipv6_static_enabled:          "false"
      local_disk:                   "true"
      memory:                       "16384"
      network_speed:                "1000"
      notes:                        "Worker node for ICP deployment"
      os_reference_code:            "CENTOS_7_64"
      private_interface_id:         <computed>
      private_network_only:         "false"
      private_security_group_ids.#: <computed>
      private_subnet:               <computed>
      private_subnet_id:            <computed>
      private_vlan_id:              <computed>
      public_bandwidth_limited:     <computed>
      public_bandwidth_unlimited:   "false"
      public_interface_id:          <computed>
      public_ipv6_subnet:           <computed>
      public_ipv6_subnet_id:        <computed>
      public_security_group_ids.#:  <computed>
      public_subnet:                <computed>
      public_subnet_id:             <computed>
      public_vlan_id:               <computed>
      secondary_ip_addresses.#:     <computed>
      secondary_ip_count:           "4"
      tags.#:                       "2"
      tags.2844461138:              "pvs01"
      tags.3031092147:              "ICP-Worker"
      wait_time_minutes:            "90"
[0m
[0m[32m  [32m+[0m [32mibm_compute_vm_instance.icp-worker[2]
[0m      id:                           <computed>
      block_storage_ids.#:          <computed>
      cores:                        "4"
      datacenter:                   "wdc01"
      disks.#:                      <computed>
      domain:                       "pvs01.local"
      file_storage_ids.#:           <computed>
      hostname:                     "pvs01-worker3"
      hourly_billing:               "true"
      ip_address_id:                <computed>
      ip_address_id_private:        <computed>
      ipv4_address:                 <computed>
      ipv4_address_private:         <computed>
      ipv6_address:                 <computed>
      ipv6_address_id:              <computed>
      ipv6_enabled:                 "true"
      ipv6_static_enabled:          "false"
      local_disk:                   "true"
      memory:                       "16384"
      network_speed:                "1000"
      notes:                        "Worker node for ICP deployment"
      os_reference_code:            "CENTOS_7_64"
      private_interface_id:         <computed>
      private_network_only:         "false"
      private_security_group_ids.#: <computed>
      private_subnet:               <computed>
      private_subnet_id:            <computed>
      private_vlan_id:              <computed>
      public_bandwidth_limited:     <computed>
      public_bandwidth_unlimited:   "false"
      public_interface_id:          <computed>
      public_ipv6_subnet:           <computed>
      public_ipv6_subnet_id:        <computed>
      public_security_group_ids.#:  <computed>
      public_subnet:                <computed>
      public_subnet_id:             <computed>
      public_vlan_id:               <computed>
      secondary_ip_addresses.#:     <computed>
      secondary_ip_count:           "4"
      tags.#:                       "2"
      tags.2844461138:              "pvs01"
      tags.3031092147:              "ICP-Worker"
      wait_time_minutes:            "90"
[0m
[0m
[0m[1mPlan:[0m 7 to add, 0 to change, 0 to destroy.[0m

[0m[1mDo you want to perform these actions?[0m
  Terraform will perform the actions described above.
  Only 'yes' will be accepted to approve.

  [1mEnter a value:[0m [0m
[0m[1mibm_compute_vm_instance.icp-worker[1]: Creating...[0m
  block_storage_ids.#:          "" => "<computed>"
  cores:                        "" => "4"
  datacenter:                   "" => "wdc01"
  disks.#:                      "" => "<computed>"
  domain:                       "" => "pvs01.local"
  file_storage_ids.#:           "" => "<computed>"
  hostname:                     "" => "pvs01-worker2"
  hourly_billing:               "" => "true"
  ip_address_id:                "" => "<computed>"
  ip_address_id_private:        "" => "<computed>"
  ipv4_address:                 "" => "<computed>"
  ipv4_address_private:         "" => "<computed>"
  ipv6_address:                 "" => "<computed>"
  ipv6_address_id:              "" => "<computed>"
  ipv6_enabled:                 "" => "true"
  ipv6_static_enabled:          "" => "false"
  local_disk:                   "" => "true"
  memory:                       "" => "16384"
  network_speed:                "" => "1000"
  notes:                        "" => "Worker node for ICP deployment"
  os_reference_code:            "" => "CENTOS_7_64"
  private_interface_id:         "" => "<computed>"
  private_network_only:         "" => "false"
  private_security_group_ids.#: "" => "<computed>"
  private_subnet:               "" => "<computed>"
  private_subnet_id:            "" => "<computed>"
  private_vlan_id:              "" => "<computed>"
  public_bandwidth_limited:     "" => "<computed>"
  public_bandwidth_unlimited:   "" => "false"
  public_interface_id:          "" => "<computed>"
  public_ipv6_subnet:           "" => "<computed>"
  public_ipv6_subnet_id:        "" => "<computed>"
  public_security_group_ids.#:  "" => "<computed>"
  public_subnet:                "" => "<computed>"
  public_subnet_id:             "" => "<computed>"
  public_vlan_id:               "" => "<computed>"
  secondary_ip_addresses.#:     "" => "<computed>"
  secondary_ip_count:           "" => "4"
  tags.#:                       "" => "2"
  tags.2844461138:              "" => "pvs01"
  tags.3031092147:              "" => "ICP-Worker"
  wait_time_minutes:            "" => "90"[0m
[0m[1mibm_compute_vm_instance.icp-mgmt: Creating...[0m
  block_storage_ids.#:          "" => "<computed>"
  cores:                        "" => "4"
  datacenter:                   "" => "wdc01"
  disks.#:                      "" => "<computed>"
  domain:                       "" => "pvs01.local"
  file_storage_ids.#:           "" => "<computed>"
  hostname:                     "" => "pvs01-mgmt1"
  hourly_billing:               "" => "true"
  ip_address_id:                "" => "<computed>"
  ip_address_id_private:        "" => "<computed>"
  ipv4_address:                 "" => "<computed>"
  ipv4_address_private:         "" => "<computed>"
  ipv6_address:                 "" => "<computed>"
  ipv6_address_id:              "" => "<computed>"
  ipv6_enabled:                 "" => "true"
  ipv6_static_enabled:          "" => "false"
  local_disk:                   "" => "false"
  memory:                       "" => "16384"
  network_speed:                "" => "1000"
  notes:                        "" => "Management node for ICP deployment"
  os_reference_code:            "" => "CENTOS_7_64"
  private_interface_id:         "" => "<computed>"
  private_network_only:         "" => "false"
  private_security_group_ids.#: "" => "<computed>"
  private_subnet:               "" => "<computed>"
  private_subnet_id:            "" => "<computed>"
  private_vlan_id:              "" => "<computed>"
  public_bandwidth_limited:     "" => "<computed>"
  public_bandwidth_unlimited:   "" => "false"
  public_interface_id:          "" => "<computed>"
  public_ipv6_subnet:           "" => "<computed>"
  public_ipv6_subnet_id:        "" => "<computed>"
  public_security_group_ids.#:  "" => "<computed>"
  public_subnet:                "" => "<computed>"
  public_subnet_id:             "" => "<computed>"
  public_vlan_id:               "" => "<computed>"
  secondary_ip_addresses.#:     "" => "<computed>"
  secondary_ip_count:           "" => "4"
  tags.#:                       "" => "2"
  tags.2844461138:              "" => "pvs01"
  tags.3908692518:              "" => "ICP-Management"
  wait_time_minutes:            "" => "90"[0m
[0m[1mibm_compute_vm_instance.icp-worker[2]: Creating...[0m
  block_storage_ids.#:          "" => "<computed>"
  cores:                        "" => "4"
  datacenter:                   "" => "wdc01"
  disks.#:                      "" => "<computed>"
  domain:                       "" => "pvs01.local"
  file_storage_ids.#:           "" => "<computed>"
  hostname:                     "" => "pvs01-worker3"
  hourly_billing:               "" => "true"
  ip_address_id:                "" => "<computed>"
  ip_address_id_private:        "" => "<computed>"
  ipv4_address:                 "" => "<computed>"
  ipv4_address_private:         "" => "<computed>"
  ipv6_address:                 "" => "<computed>"
  ipv6_address_id:              "" => "<computed>"
  ipv6_enabled:                 "" => "true"
  ipv6_static_enabled:          "" => "false"
  local_disk:                   "" => "true"
  memory:                       "" => "16384"
  network_speed:                "" => "1000"
  notes:                        "" => "Worker node for ICP deployment"
  os_reference_code:            "" => "CENTOS_7_64"
  private_interface_id:         "" => "<computed>"
  private_network_only:         "" => "false"
  private_security_group_ids.#: "" => "<computed>"
  private_subnet:               "" => "<computed>"
  private_subnet_id:            "" => "<computed>"
  private_vlan_id:              "" => "<computed>"
  public_bandwidth_limited:     "" => "<computed>"
  public_bandwidth_unlimited:   "" => "false"
  public_interface_id:          "" => "<computed>"
  public_ipv6_subnet:           "" => "<computed>"
  public_ipv6_subnet_id:        "" => "<computed>"
  public_security_group_ids.#:  "" => "<computed>"
  public_subnet:                "" => "<computed>"
  public_subnet_id:             "" => "<computed>"
  public_vlan_id:               "" => "<computed>"
  secondary_ip_addresses.#:     "" => "<computed>"
  secondary_ip_count:           "" => "4"
  tags.#:                       "" => "2"
  tags.2844461138:              "" => "pvs01"
  tags.3031092147:              "" => "ICP-Worker"
  wait_time_minutes:            "" => "90"[0m
[0m[1mibm_compute_vm_instance.icp-master: Creating...[0m
  block_storage_ids.#:          "" => "<computed>"
  cores:                        "" => "4"
  datacenter:                   "" => "wdc01"
  disks.#:                      "" => "<computed>"
  domain:                       "" => "pvs01.local"
  file_storage_ids.#:           "" => "<computed>"
  hostname:                     "" => "pvs01-master1"
  hourly_billing:               "" => "true"
  ip_address_id:                "" => "<computed>"
  ip_address_id_private:        "" => "<computed>"
  ipv4_address:                 "" => "<computed>"
  ipv4_address_private:         "" => "<computed>"
  ipv6_address:                 "" => "<computed>"
  ipv6_address_id:              "" => "<computed>"
  ipv6_enabled:                 "" => "true"
  ipv6_static_enabled:          "" => "false"
  local_disk:                   "" => "false"
  memory:                       "" => "16384"
  network_speed:                "" => "1000"
  notes:                        "" => "Master node for ICP deployment"
  os_reference_code:            "" => "CENTOS_7_64"
  private_interface_id:         "" => "<computed>"
  private_network_only:         "" => "false"
  private_security_group_ids.#: "" => "<computed>"
  private_subnet:               "" => "<computed>"
  private_subnet_id:            "" => "<computed>"
  private_vlan_id:              "" => "<computed>"
  public_bandwidth_limited:     "" => "<computed>"
  public_bandwidth_unlimited:   "" => "false"
  public_interface_id:          "" => "<computed>"
  public_ipv6_subnet:           "" => "<computed>"
  public_ipv6_subnet_id:        "" => "<computed>"
  public_security_group_ids.#:  "" => "<computed>"
  public_subnet:                "" => "<computed>"
  public_subnet_id:             "" => "<computed>"
  public_vlan_id:               "" => "<computed>"
  secondary_ip_addresses.#:     "" => "<computed>"
  secondary_ip_count:           "" => "4"
  tags.#:                       "" => "2"
  tags.101832455:               "" => "ICP-Master"
  tags.2844461138:              "" => "pvs01"
  wait_time_minutes:            "" => "90"[0m
[0m[1mibm_compute_vm_instance.icp-boot: Creating...[0m
  block_storage_ids.#:          "" => "<computed>"
  cores:                        "" => "2"
  datacenter:                   "" => "wdc01"
  disks.#:                      "" => "<computed>"
  domain:                       "" => "pvs01.local"
  file_storage_ids.#:           "" => "<computed>"
  hostname:                     "" => "pvs01-boot"
  hourly_billing:               "" => "true"
  ip_address_id:                "" => "<computed>"
  ip_address_id_private:        "" => "<computed>"
  ipv4_address:                 "" => "<computed>"
  ipv4_address_private:         "" => "<computed>"
  ipv6_address:                 "" => "<computed>"
  ipv6_address_id:              "" => "<computed>"
  ipv6_enabled:                 "" => "true"
  ipv6_static_enabled:          "" => "false"
  local_disk:                   "" => "false"
  memory:                       "" => "8192"
  network_speed:                "" => "1000"
  notes:                        "" => "Boot machine for ICP deployment"
  os_reference_code:            "" => "CENTOS_7_64"
  private_interface_id:         "" => "<computed>"
  private_network_only:         "" => "false"
  private_security_group_ids.#: "" => "<computed>"
  private_subnet:               "" => "<computed>"
  private_subnet_id:            "" => "<computed>"
  private_vlan_id:              "" => "<computed>"
  public_bandwidth_limited:     "" => "<computed>"
  public_bandwidth_unlimited:   "" => "false"
  public_interface_id:          "" => "<computed>"
  public_ipv6_subnet:           "" => "<computed>"
  public_ipv6_subnet_id:        "" => "<computed>"
  public_security_group_ids.#:  "" => "<computed>"
  public_subnet:                "" => "<computed>"
  public_subnet_id:             "" => "<computed>"
  public_vlan_id:               "" => "<computed>"
  secondary_ip_addresses.#:     "" => "<computed>"
  secondary_ip_count:           "" => "4"
  tags.#:                       "" => "2"
  tags.2844461138:              "" => "pvs01"
  tags.3562493167:              "" => "ICP-Boot"
  wait_time_minutes:            "" => "90"[0m
[0m[1mibm_compute_vm_instance.icp-proxy: Creating...[0m
  block_storage_ids.#:          "" => "<computed>"
  cores:                        "" => "2"
  datacenter:                   "" => "wdc01"
  disks.#:                      "" => "<computed>"
  domain:                       "" => "pvs01.local"
  file_storage_ids.#:           "" => "<computed>"
  hostname:                     "" => "pvs01-proxy1"
  hourly_billing:               "" => "true"
  ip_address_id:                "" => "<computed>"
  ip_address_id_private:        "" => "<computed>"
  ipv4_address:                 "" => "<computed>"
  ipv4_address_private:         "" => "<computed>"
  ipv6_address:                 "" => "<computed>"
  ipv6_address_id:              "" => "<computed>"
  ipv6_enabled:                 "" => "true"
  ipv6_static_enabled:          "" => "false"
  local_disk:                   "" => "true"
  memory:                       "" => "8192"
  network_speed:                "" => "1000"
  notes:                        "" => "Proxy node for ICP deployment"
  os_reference_code:            "" => "CENTOS_7_64"
  private_interface_id:         "" => "<computed>"
  private_network_only:         "" => "false"
  private_security_group_ids.#: "" => "<computed>"
  private_subnet:               "" => "<computed>"
  private_subnet_id:            "" => "<computed>"
  private_vlan_id:              "" => "<computed>"
  public_bandwidth_limited:     "" => "<computed>"
  public_bandwidth_unlimited:   "" => "false"
  public_interface_id:          "" => "<computed>"
  public_ipv6_subnet:           "" => "<computed>"
  public_ipv6_subnet_id:        "" => "<computed>"
  public_security_group_ids.#:  "" => "<computed>"
  public_subnet:                "" => "<computed>"
  public_subnet_id:             "" => "<computed>"
  public_vlan_id:               "" => "<computed>"
  secondary_ip_addresses.#:     "" => "<computed>"
  secondary_ip_count:           "" => "4"
  tags.#:                       "" => "2"
  tags.2844461138:              "" => "pvs01"
  tags.3747383812:              "" => "ICP-Proxy"
  wait_time_minutes:            "" => "90"[0m
[0m[1mibm_compute_vm_instance.icp-worker[0]: Creating...[0m
  block_storage_ids.#:          "" => "<computed>"
  cores:                        "" => "4"
  datacenter:                   "" => "wdc01"
  disks.#:                      "" => "<computed>"
  domain:                       "" => "pvs01.local"
  file_storage_ids.#:           "" => "<computed>"
  hostname:                     "" => "pvs01-worker1"
  hourly_billing:               "" => "true"
  ip_address_id:                "" => "<computed>"
  ip_address_id_private:        "" => "<computed>"
  ipv4_address:                 "" => "<computed>"
  ipv4_address_private:         "" => "<computed>"
  ipv6_address:                 "" => "<computed>"
  ipv6_address_id:              "" => "<computed>"
  ipv6_enabled:                 "" => "true"
  ipv6_static_enabled:          "" => "false"
  local_disk:                   "" => "true"
  memory:                       "" => "16384"
  network_speed:                "" => "1000"
  notes:                        "" => "Worker node for ICP deployment"
  os_reference_code:            "" => "CENTOS_7_64"
  private_interface_id:         "" => "<computed>"
  private_network_only:         "" => "false"
  private_security_group_ids.#: "" => "<computed>"
  private_subnet:               "" => "<computed>"
  private_subnet_id:            "" => "<computed>"
  private_vlan_id:              "" => "<computed>"
  public_bandwidth_limited:     "" => "<computed>"
  public_bandwidth_unlimited:   "" => "false"
  public_interface_id:          "" => "<computed>"
  public_ipv6_subnet:           "" => "<computed>"
  public_ipv6_subnet_id:        "" => "<computed>"
  public_security_group_ids.#:  "" => "<computed>"
  public_subnet:                "" => "<computed>"
  public_subnet_id:             "" => "<computed>"
  public_vlan_id:               "" => "<computed>"
  secondary_ip_addresses.#:     "" => "<computed>"
  secondary_ip_count:           "" => "4"
  tags.#:                       "" => "2"
  tags.2844461138:              "" => "pvs01"
  tags.3031092147:              "" => "ICP-Worker"
  wait_time_minutes:            "" => "90"[0m
[0m[1mibm_compute_vm_instance.icp-worker.1: Still creating... (10s elapsed)[0m[0m
[0m[1mibm_compute_vm_instance.icp-master: Still creating... (10s elapsed)[0m[0m
[0m[1mibm_compute_vm_instance.icp-mgmt: Still creating... (10s elapsed)[0m[0m
[0m[1mibm_compute_vm_instance.icp-worker.2: Still creating... (10s elapsed)[0m[0m
[0m[1mibm_compute_vm_instance.icp-proxy: Still creating... (10s elapsed)[0m[0m
[0m[1mibm_compute_vm_instance.icp-boot: Still creating... (10s elapsed)[0m[0m
[0m[1mibm_compute_vm_instance.icp-worker.0: Still creating... (10s elapsed)[0m[0m
[0m[1mibm_compute_vm_instance.icp-mgmt: Still creating... (20s elapsed)[0m[0m
[0m[1mibm_compute_vm_instance.icp-worker.2: Still creating... (20s elapsed)[0m[0m
[0m[1mibm_compute_vm_instance.icp-worker.0: Still creating... (20s elapsed)[0m[0m
[0m[1mibm_compute_vm_instance.icp-proxy: Still creating... (20s elapsed)[0m[0m
[0m[1mibm_compute_vm_instance.icp-worker.1: Still creating... (20s elapsed)[0m[0m
[0m[1mibm_compute_vm_instance.icp-boot: Still creating... (20s elapsed)[0m[0m
[0m[1mibm_compute_vm_instance.icp-master: Still creating... (20s elapsed)[0m[0m
[0m[1mibm_compute_vm_instance.icp-mgmt: Still creating... (30s elapsed)[0m[0m
[0m[1mibm_compute_vm_instance.icp-proxy: Still creating... (30s elapsed)[0m[0m
[0m[1mibm_compute_vm_instance.icp-boot: Still creating... (30s elapsed)[0m[0m
[0m[1mibm_compute_vm_instance.icp-worker.0: Still creating... (30s elapsed)[0m[0m
[0m[1mibm_compute_vm_instance.icp-master: Still creating... (30s elapsed)[0m[0m
[0m[1mibm_compute_vm_instance.icp-worker.1: Still creating... (30s elapsed)[0m[0m
[0m[1mibm_compute_vm_instance.icp-worker.2: Still creating... (30s elapsed)[0m[0m
[0m[1mibm_compute_vm_instance.icp-boot: Still creating... (40s elapsed)[0m[0m
[0m[1mibm_compute_vm_instance.icp-worker.0: Still creating... (40s elapsed)[0m[0m
[0m[1mibm_compute_vm_instance.icp-master: Still creating... (40s elapsed)[0m[0m
[0m[1mibm_compute_vm_instance.icp-worker.2: Still creating... (40s elapsed)[0m[0m
[0m[1mibm_compute_vm_instance.icp-proxy: Still creating... (40s elapsed)[0m[0m
[0m[1mibm_compute_vm_instance.icp-worker.1: Still creating... (40s elapsed)[0m[0m
[0m[1mibm_compute_vm_instance.icp-mgmt: Still creating... (40s elapsed)[0m[0m
[0m[1mibm_compute_vm_instance.icp-mgmt: Still creating... (50s elapsed)[0m[0m
[0m[1mibm_compute_vm_instance.icp-proxy: Still creating... (50s elapsed)[0m[0m
[0m[1mibm_compute_vm_instance.icp-worker.0: Still creating... (50s elapsed)[0m[0m
[0m[1mibm_compute_vm_instance.icp-boot: Still creating... (50s elapsed)[0m[0m
[0m[1mibm_compute_vm_instance.icp-master: Still creating... (50s elapsed)[0m[0m
[0m[1mibm_compute_vm_instance.icp-worker.2: Still creating... (50s elapsed)[0m[0m
[0m[1mibm_compute_vm_instance.icp-worker.1: Still creating... (50s elapsed)[0m[0m
[0m[1mibm_compute_vm_instance.icp-worker.2: Still creating... (1m0s elapsed)[0m[0m
[0m[1mibm_compute_vm_instance.icp-boot: Still creating... (1m0s elapsed)[0m[0m
[0m[1mibm_compute_vm_instance.icp-master: Still creating... (1m0s elapsed)[0m[0m
[0m[1mibm_compute_vm_instance.icp-proxy: Still creating... (1m0s elapsed)[0m[0m
[0m[1mibm_compute_vm_instance.icp-worker.0: Still creating... (1m0s elapsed)[0m[0m
[0m[1mibm_compute_vm_instance.icp-mgmt: Still creating... (1m0s elapsed)[0m[0m
[0m[1mibm_compute_vm_instance.icp-worker.1: Still creating... (1m0s elapsed)[0m[0m
[0m[1mibm_compute_vm_instance.icp-worker.2: Still creating... (1m10s elapsed)[0m[0m
[0m[1mibm_compute_vm_instance.icp-worker.1: Still creating... (1m10s elapsed)[0m[0m
[0m[1mibm_compute_vm_instance.icp-boot: Still creating... (1m10s elapsed)[0m[0m
[0m[1mibm_compute_vm_instance.icp-mgmt: Still creating... (1m10s elapsed)[0m[0m
[0m[1mibm_compute_vm_instance.icp-master: Still creating... (1m10s elapsed)[0m[0m
[0m[1mibm_compute_vm_instance.icp-proxy: Still creating... (1m10s elapsed)[0m[0m
[0m[1mibm_compute_vm_instance.icp-worker.0: Still creating... (1m10s elapsed)[0m[0m
[0m[1mibm_compute_vm_instance.icp-worker.2: Still creating... (1m20s elapsed)[0m[0m
[0m[1mibm_compute_vm_instance.icp-worker.0: Still creating... (1m20s elapsed)[0m[0m
[0m[1mibm_compute_vm_instance.icp-mgmt: Still creating... (1m20s elapsed)[0m[0m
[0m[1mibm_compute_vm_instance.icp-boot: Still creating... (1m20s elapsed)[0m[0m
[0m[1mibm_compute_vm_instance.icp-master: Still creating... (1m20s elapsed)[0m[0m
[0m[1mibm_compute_vm_instance.icp-proxy: Still creating... (1m20s elapsed)[0m[0m
[0m[1mibm_compute_vm_instance.icp-worker.1: Still creating... (1m20s elapsed)[0m[0m
[0m[1mibm_compute_vm_instance.icp-boot: Still creating... (1m30s elapsed)[0m[0m
[0m[1mibm_compute_vm_instance.icp-worker.1: Still creating... (1m30s elapsed)[0m[0m
[0m[1mibm_compute_vm_instance.icp-proxy: Still creating... (1m30s elapsed)[0m[0m
[0m[1mibm_compute_vm_instance.icp-worker.2: Still creating... (1m30s elapsed)[0m[0m
[0m[1mibm_compute_vm_instance.icp-master: Still creating... (1m30s elapsed)[0m[0m
[0m[1mibm_compute_vm_instance.icp-mgmt: Still creating... (1m30s elapsed)[0m[0m
[0m[1mibm_compute_vm_instance.icp-worker.0: Still creating... (1m30s elapsed)[0m[0m
[0m[1mibm_compute_vm_instance.icp-worker.0: Still creating... (1m40s elapsed)[0m[0m
[0m[1mibm_compute_vm_instance.icp-proxy: Still creating... (1m40s elapsed)[0m[0m
[0m[1mibm_compute_vm_instance.icp-boot: Still creating... (1m40s elapsed)[0m[0m
[0m[1mibm_compute_vm_instance.icp-worker.1: Still creating... (1m40s elapsed)[0m[0m
[0m[1mibm_compute_vm_instance.icp-mgmt: Still creating... (1m40s elapsed)[0m[0m
[0m[1mibm_compute_vm_instance.icp-worker.2: Still creating... (1m40s elapsed)[0m[0m
[0m[1mibm_compute_vm_instance.icp-master: Still creating... (1m40s elapsed)[0m[0m
[0m[1mibm_compute_vm_instance.icp-proxy: Still creating... (1m50s elapsed)[0m[0m
[0m[1mibm_compute_vm_instance.icp-worker.2: Still creating... (1m50s elapsed)[0m[0m
[0m[1mibm_compute_vm_instance.icp-worker.1: Still creating... (1m50s elapsed)[0m[0m
[0m[1mibm_compute_vm_instance.icp-worker.0: Still creating... (1m50s elapsed)[0m[0m
[0m[1mibm_compute_vm_instance.icp-mgmt: Still creating... (1m50s elapsed)[0m[0m
[0m[1mibm_compute_vm_instance.icp-master: Still creating... (1m50s elapsed)[0m[0m
[0m[1mibm_compute_vm_instance.icp-boot: Still creating... (1m50s elapsed)[0m[0m
[0m[1mibm_compute_vm_instance.icp-worker.1: Still creating... (2m0s elapsed)[0m[0m
[0m[1mibm_compute_vm_instance.icp-boot: Still creating... (2m0s elapsed)[0m[0m
[0m[1mibm_compute_vm_instance.icp-mgmt: Still creating... (2m0s elapsed)[0m[0m
[0m[1mibm_compute_vm_instance.icp-proxy: Still creating... (2m0s elapsed)[0m[0m
[0m[1mibm_compute_vm_instance.icp-worker.0: Still creating... (2m0s elapsed)[0m[0m
[0m[1mibm_compute_vm_instance.icp-master: Still creating... (2m0s elapsed)[0m[0m
[0m[1mibm_compute_vm_instance.icp-worker.2: Still creating... (2m0s elapsed)[0m[0m
[0m[1mibm_compute_vm_instance.icp-worker.1: Still creating... (2m10s elapsed)[0m[0m
[0m[1mibm_compute_vm_instance.icp-worker.0: Still creating... (2m10s elapsed)[0m[0m
[0m[1mibm_compute_vm_instance.icp-proxy: Still creating... (2m10s elapsed)[0m[0m
[0m[1mibm_compute_vm_instance.icp-master: Still creating... (2m10s elapsed)[0m[0m
[0m[1mibm_compute_vm_instance.icp-worker.2: Still creating... (2m10s elapsed)[0m[0m
[0m[1mibm_compute_vm_instance.icp-mgmt: Still creating... (2m10s elapsed)[0m[0m
[0m[1mibm_compute_vm_instance.icp-boot: Still creating... (2m10s elapsed)[0m[0m
[0m[1mibm_compute_vm_instance.icp-worker.0: Still creating... (2m20s elapsed)[0m[0m
[0m[1mibm_compute_vm_instance.icp-boot: Still creating... (2m20s elapsed)[0m[0m
[0m[1mibm_compute_vm_instance.icp-worker.1: Still creating... (2m20s elapsed)[0m[0m
[0m[1mibm_compute_vm_instance.icp-master: Still creating... (2m20s elapsed)[0m[0m
[0m[1mibm_compute_vm_instance.icp-worker.2: Still creating... (2m20s elapsed)[0m[0m
[0m[1mibm_compute_vm_instance.icp-mgmt: Still creating... (2m20s elapsed)[0m[0m
[0m[1mibm_compute_vm_instance.icp-proxy: Still creating... (2m20s elapsed)[0m[0m
[0m[1mibm_compute_vm_instance.icp-proxy: Still creating... (2m30s elapsed)[0m[0m
[0m[1mibm_compute_vm_instance.icp-worker.2: Still creating... (2m30s elapsed)[0m[0m
[0m[1mibm_compute_vm_instance.icp-boot: Still creating... (2m30s elapsed)[0m[0m
[0m[1mibm_compute_vm_instance.icp-master: Still creating... (2m30s elapsed)[0m[0m
[0m[1mibm_compute_vm_instance.icp-worker.0: Still creating... (2m30s elapsed)[0m[0m
[0m[1mibm_compute_vm_instance.icp-mgmt: Still creating... (2m30s elapsed)[0m[0m
[0m[1mibm_compute_vm_instance.icp-worker.1: Still creating... (2m30s elapsed)[0m[0m
[0m[1mibm_compute_vm_instance.icp-worker.2: Still creating... (2m40s elapsed)[0m[0m
[0m[1mibm_compute_vm_instance.icp-proxy: Still creating... (2m40s elapsed)[0m[0m
[0m[1mibm_compute_vm_instance.icp-master: Still creating... (2m40s elapsed)[0m[0m
[0m[1mibm_compute_vm_instance.icp-worker.1: Still creating... (2m40s elapsed)[0m[0m
[0m[1mibm_compute_vm_instance.icp-worker.0: Still creating... (2m40s elapsed)[0m[0m
[0m[1mibm_compute_vm_instance.icp-mgmt: Still creating... (2m40s elapsed)[0m[0m
[0m[1mibm_compute_vm_instance.icp-boot: Still creating... (2m40s elapsed)[0m[0m
[0m[1mibm_compute_vm_instance.icp-master: Still creating... (2m50s elapsed)[0m[0m
[0m[1mibm_compute_vm_instance.icp-mgmt: Still creating... (2m50s elapsed)[0m[0m
[0m[1mibm_compute_vm_instance.icp-proxy: Still creating... (2m50s elapsed)[0m[0m
[0m[1mibm_compute_vm_instance.icp-worker.0: Still creating... (2m50s elapsed)[0m[0m
[0m[1mibm_compute_vm_instance.icp-boot: Still creating... (2m50s elapsed)[0m[0m
[0m[1mibm_compute_vm_instance.icp-worker.1: Still creating... (2m50s elapsed)[0m[0m
[0m[1mibm_compute_vm_instance.icp-worker.2: Still creating... (2m50s elapsed)[0m[0m
[0m[1mibm_compute_vm_instance.icp-proxy: Still creating... (3m0s elapsed)[0m[0m
[0m[1mibm_compute_vm_instance.icp-worker.2: Still creating... (3m0s elapsed)[0m[0m
[0m[1mibm_compute_vm_instance.icp-worker.0: Still creating... (3m0s elapsed)[0m[0m
[0m[1mibm_compute_vm_instance.icp-master: Still creating... (3m0s elapsed)[0m[0m
[0m[1mibm_compute_vm_instance.icp-mgmt: Still creating... (3m0s elapsed)[0m[0m
[0m[1mibm_compute_vm_instance.icp-worker.1: Still creating... (3m0s elapsed)[0m[0m
[0m[1mibm_compute_vm_instance.icp-boot: Still creating... (3m0s elapsed)[0m[0m
[0m[1mibm_compute_vm_instance.icp-master: Creation complete after 3m8s (ID: 54421141)[0m[0m
[0m[1mibm_compute_vm_instance.icp-worker.2: Still creating... (3m10s elapsed)[0m[0m
[0m[1mibm_compute_vm_instance.icp-boot: Still creating... (3m10s elapsed)[0m[0m
[0m[1mibm_compute_vm_instance.icp-worker.0: Still creating... (3m10s elapsed)[0m[0m
[0m[1mibm_compute_vm_instance.icp-proxy: Still creating... (3m10s elapsed)[0m[0m
[0m[1mibm_compute_vm_instance.icp-mgmt: Still creating... (3m10s elapsed)[0m[0m
[0m[1mibm_compute_vm_instance.icp-worker.1: Still creating... (3m10s elapsed)[0m[0m
[0m[1mibm_compute_vm_instance.icp-boot: Still creating... (3m20s elapsed)[0m[0m
[0m[1mibm_compute_vm_instance.icp-mgmt: Still creating... (3m20s elapsed)[0m[0m
[0m[1mibm_compute_vm_instance.icp-worker.2: Still creating... (3m20s elapsed)[0m[0m
[0m[1mibm_compute_vm_instance.icp-worker.0: Still creating... (3m20s elapsed)[0m[0m
[0m[1mibm_compute_vm_instance.icp-worker.1: Still creating... (3m20s elapsed)[0m[0m
[0m[1mibm_compute_vm_instance.icp-proxy: Still creating... (3m20s elapsed)[0m[0m
[0m[1mibm_compute_vm_instance.icp-mgmt: Still creating... (3m30s elapsed)[0m[0m
[0m[1mibm_compute_vm_instance.icp-proxy: Still creating... (3m30s elapsed)[0m[0m
[0m[1mibm_compute_vm_instance.icp-boot: Still creating... (3m30s elapsed)[0m[0m
[0m[1mibm_compute_vm_instance.icp-worker.1: Still creating... (3m30s elapsed)[0m[0m
[0m[1mibm_compute_vm_instance.icp-worker.0: Still creating... (3m30s elapsed)[0m[0m
[0m[1mibm_compute_vm_instance.icp-worker.2: Still creating... (3m30s elapsed)[0m[0m
[0m[1mibm_compute_vm_instance.icp-mgmt: Creation complete after 3m39s (ID: 54421163)[0m[0m
[0m[1mibm_compute_vm_instance.icp-proxy: Still creating... (3m40s elapsed)[0m[0m
[0m[1mibm_compute_vm_instance.icp-worker.2: Still creating... (3m40s elapsed)[0m[0m
[0m[1mibm_compute_vm_instance.icp-worker.0: Still creating... (3m40s elapsed)[0m[0m
[0m[1mibm_compute_vm_instance.icp-worker.1: Still creating... (3m40s elapsed)[0m[0m
[0m[1mibm_compute_vm_instance.icp-boot: Still creating... (3m40s elapsed)[0m[0m
[0m[1mibm_compute_vm_instance.icp-proxy: Still creating... (3m50s elapsed)[0m[0m
[0m[1mibm_compute_vm_instance.icp-worker.1: Still creating... (3m50s elapsed)[0m[0m
[0m[1mibm_compute_vm_instance.icp-worker.2: Still creating... (3m50s elapsed)[0m[0m
[0m[1mibm_compute_vm_instance.icp-worker.0: Still creating... (3m50s elapsed)[0m[0m
[0m[1mibm_compute_vm_instance.icp-boot: Still creating... (3m50s elapsed)[0m[0m
[0m[1mibm_compute_vm_instance.icp-worker.0: Still creating... (4m0s elapsed)[0m[0m
[0m[1mibm_compute_vm_instance.icp-worker.1: Still creating... (4m0s elapsed)[0m[0m
[0m[1mibm_compute_vm_instance.icp-worker.2: Still creating... (4m0s elapsed)[0m[0m
[0m[1mibm_compute_vm_instance.icp-proxy: Still creating... (4m0s elapsed)[0m[0m
[0m[1mibm_compute_vm_instance.icp-boot: Still creating... (4m0s elapsed)[0m[0m
[0m[1mibm_compute_vm_instance.icp-worker.2: Still creating... (4m10s elapsed)[0m[0m
[0m[1mibm_compute_vm_instance.icp-worker.0: Still creating... (4m10s elapsed)[0m[0m
[0m[1mibm_compute_vm_instance.icp-boot: Still creating... (4m10s elapsed)[0m[0m
[0m[1mibm_compute_vm_instance.icp-worker.1: Still creating... (4m10s elapsed)[0m[0m
[0m[1mibm_compute_vm_instance.icp-proxy: Still creating... (4m10s elapsed)[0m[0m
[0m[1mibm_compute_vm_instance.icp-proxy: Creation complete after 4m14s (ID: 54421149)[0m[0m
[0m[1mibm_compute_vm_instance.icp-worker.2: Still creating... (4m20s elapsed)[0m[0m
[0m[1mibm_compute_vm_instance.icp-worker.1: Still creating... (4m20s elapsed)[0m[0m
[0m[1mibm_compute_vm_instance.icp-worker.0: Still creating... (4m20s elapsed)[0m[0m
[0m[1mibm_compute_vm_instance.icp-boot: Still creating... (4m20s elapsed)[0m[0m
[0m[1mibm_compute_vm_instance.icp-worker[1]: Creation complete after 4m21s (ID: 54421153)[0m[0m
[0m[1mibm_compute_vm_instance.icp-worker.2: Still creating... (4m30s elapsed)[0m[0m
[0m[1mibm_compute_vm_instance.icp-boot: Still creating... (4m30s elapsed)[0m[0m
[0m[1mibm_compute_vm_instance.icp-worker.0: Still creating... (4m30s elapsed)[0m[0m
[0m[1mibm_compute_vm_instance.icp-worker.2: Still creating... (4m40s elapsed)[0m[0m
[0m[1mibm_compute_vm_instance.icp-boot: Still creating... (4m40s elapsed)[0m[0m
[0m[1mibm_compute_vm_instance.icp-worker.0: Still creating... (4m40s elapsed)[0m[0m
[0m[1mibm_compute_vm_instance.icp-boot: Still creating... (4m50s elapsed)[0m[0m
[0m[1mibm_compute_vm_instance.icp-worker.2: Still creating... (4m50s elapsed)[0m[0m
[0m[1mibm_compute_vm_instance.icp-worker.0: Still creating... (4m50s elapsed)[0m[0m
[0m[1mibm_compute_vm_instance.icp-boot: Still creating... (5m0s elapsed)[0m[0m
[0m[1mibm_compute_vm_instance.icp-worker.2: Still creating... (5m0s elapsed)[0m[0m
[0m[1mibm_compute_vm_instance.icp-worker.0: Still creating... (5m0s elapsed)[0m[0m
[0m[1mibm_compute_vm_instance.icp-boot: Still creating... (5m10s elapsed)[0m[0m
[0m[1mibm_compute_vm_instance.icp-worker.0: Still creating... (5m10s elapsed)[0m[0m
[0m[1mibm_compute_vm_instance.icp-worker.2: Still creating... (5m10s elapsed)[0m[0m
[0m[1mibm_compute_vm_instance.icp-worker[0]: Creation complete after 5m14s (ID: 54421155)[0m[0m
[0m[1mibm_compute_vm_instance.icp-worker.2: Still creating... (5m20s elapsed)[0m[0m
[0m[1mibm_compute_vm_instance.icp-boot: Still creating... (5m20s elapsed)[0m[0m
[0m[1mibm_compute_vm_instance.icp-worker.2: Still creating... (5m30s elapsed)[0m[0m
[0m[1mibm_compute_vm_instance.icp-boot: Still creating... (5m30s elapsed)[0m[0m
[0m[1mibm_compute_vm_instance.icp-worker.2: Still creating... (5m40s elapsed)[0m[0m
[0m[1mibm_compute_vm_instance.icp-boot: Still creating... (5m40s elapsed)[0m[0m
[0m[1mibm_compute_vm_instance.icp-boot: Still creating... (5m50s elapsed)[0m[0m
[0m[1mibm_compute_vm_instance.icp-worker.2: Still creating... (5m50s elapsed)[0m[0m
[0m[1mibm_compute_vm_instance.icp-worker.2: Still creating... (6m0s elapsed)[0m[0m
[0m[1mibm_compute_vm_instance.icp-boot: Still creating... (6m0s elapsed)[0m[0m
[0m[1mibm_compute_vm_instance.icp-worker.2: Still creating... (6m10s elapsed)[0m[0m
[0m[1mibm_compute_vm_instance.icp-boot: Still creating... (6m10s elapsed)[0m[0m
[0m[1mibm_compute_vm_instance.icp-boot: Creation complete after 6m20s (ID: 54421139)[0m[0m
[0m[1mibm_compute_vm_instance.icp-worker.2: Still creating... (6m20s elapsed)[0m[0m
[0m[1mibm_compute_vm_instance.icp-worker.2: Still creating... (6m30s elapsed)[0m[0m
[0m[1mibm_compute_vm_instance.icp-worker.2: Still creating... (6m40s elapsed)[0m[0m
[0m[1mibm_compute_vm_instance.icp-worker.2: Still creating... (6m50s elapsed)[0m[0m
[0m[1mibm_compute_vm_instance.icp-worker.2: Still creating... (7m0s elapsed)[0m[0m
[0m[1mibm_compute_vm_instance.icp-worker.2: Still creating... (7m10s elapsed)[0m[0m
[0m[1mibm_compute_vm_instance.icp-worker.2: Still creating... (7m20s elapsed)[0m[0m
[0m[1mibm_compute_vm_instance.icp-worker.2: Still creating... (7m30s elapsed)[0m[0m
[0m[1mibm_compute_vm_instance.icp-worker.2: Still creating... (7m40s elapsed)[0m[0m
[0m[1mibm_compute_vm_instance.icp-worker.2: Still creating... (7m50s elapsed)[0m[0m
[0m[1mibm_compute_vm_instance.icp-worker[2]: Creation complete after 7m54s (ID: 54421143)[0m[0m
[0m[1m[32m
Apply complete! Resources: 7 added, 0 changed, 0 destroyed.[0m
